{"D:\\Третий курс\\6sem\\Курсовой проект\\Server\\middleware\\auth.js": {"path":"D:\\Третий курс\\6sem\\Курсовой проект\\Server\\middleware\\auth.js","statementMap":{"0":{"start":{"line":1,"column":12},"end":{"line":1,"column":35}},"1":{"start":{"line":3,"column":19},"end":{"line":3,"column":101}},"2":{"start":{"line":6,"column":23},"end":{"line":6,"column":51}},"3":{"start":{"line":7,"column":18},"end":{"line":7,"column":56}},"4":{"start":{"line":9,"column":4},"end":{"line":11,"column":5}},"5":{"start":{"line":10,"column":8},"end":{"line":10,"column":84}},"6":{"start":{"line":13,"column":4},"end":{"line":19,"column":7}},"7":{"start":{"line":14,"column":8},"end":{"line":16,"column":9}},"8":{"start":{"line":15,"column":12},"end":{"line":15,"column":79}},"9":{"start":{"line":17,"column":8},"end":{"line":17,"column":24}},"10":{"start":{"line":18,"column":8},"end":{"line":18,"column":15}},"11":{"start":{"line":23,"column":4},"end":{"line":31,"column":6}},"12":{"start":{"line":24,"column":8},"end":{"line":26,"column":9}},"13":{"start":{"line":25,"column":12},"end":{"line":25,"column":67}},"14":{"start":{"line":27,"column":8},"end":{"line":29,"column":9}},"15":{"start":{"line":28,"column":12},"end":{"line":28,"column":79}},"16":{"start":{"line":30,"column":8},"end":{"line":30,"column":15}},"17":{"start":{"line":34,"column":0},"end":{"line":34,"column":63}}},"fnMap":{"0":{"name":"authenticateToken","decl":{"start":{"line":5,"column":9},"end":{"line":5,"column":26}},"loc":{"start":{"line":5,"column":43},"end":{"line":20,"column":1}},"line":5},"1":{"name":"(anonymous_1)","decl":{"start":{"line":13,"column":34},"end":{"line":13,"column":35}},"loc":{"start":{"line":13,"column":49},"end":{"line":19,"column":5}},"line":13},"2":{"name":"allowRoles","decl":{"start":{"line":22,"column":9},"end":{"line":22,"column":19}},"loc":{"start":{"line":22,"column":37},"end":{"line":32,"column":1}},"line":22},"3":{"name":"(anonymous_3)","decl":{"start":{"line":23,"column":11},"end":{"line":23,"column":12}},"loc":{"start":{"line":23,"column":31},"end":{"line":31,"column":5}},"line":23}},"branchMap":{"0":{"loc":{"start":{"line":3,"column":19},"end":{"line":3,"column":101}},"type":"binary-expr","locations":[{"start":{"line":3,"column":19},"end":{"line":3,"column":41}},{"start":{"line":3,"column":45},"end":{"line":3,"column":101}}],"line":3},"1":{"loc":{"start":{"line":7,"column":18},"end":{"line":7,"column":56}},"type":"binary-expr","locations":[{"start":{"line":7,"column":18},"end":{"line":7,"column":28}},{"start":{"line":7,"column":32},"end":{"line":7,"column":56}}],"line":7},"2":{"loc":{"start":{"line":9,"column":4},"end":{"line":11,"column":5}},"type":"if","locations":[{"start":{"line":9,"column":4},"end":{"line":11,"column":5}},{"start":{},"end":{}}],"line":9},"3":{"loc":{"start":{"line":14,"column":8},"end":{"line":16,"column":9}},"type":"if","locations":[{"start":{"line":14,"column":8},"end":{"line":16,"column":9}},{"start":{},"end":{}}],"line":14},"4":{"loc":{"start":{"line":24,"column":8},"end":{"line":26,"column":9}},"type":"if","locations":[{"start":{"line":24,"column":8},"end":{"line":26,"column":9}},{"start":{},"end":{}}],"line":24},"5":{"loc":{"start":{"line":27,"column":8},"end":{"line":29,"column":9}},"type":"if","locations":[{"start":{"line":27,"column":8},"end":{"line":29,"column":9}},{"start":{},"end":{}}],"line":27}},"s":{"0":1,"1":1,"2":4,"3":4,"4":4,"5":2,"6":2,"7":2,"8":1,"9":1,"10":1,"11":0,"12":0,"13":0,"14":0,"15":0,"16":0,"17":1},"f":{"0":4,"1":2,"2":0,"3":0},"b":{"0":[1,1],"1":[4,3],"2":[2,2],"3":[1,1],"4":[0,0],"5":[0,0]},"_coverageSchema":"1a1c01bbd47fc00a2c39e90264f33305004495a9","hash":"2cd76e34b16084a6a3eb131e1c4c68aef1dfab73"}
,"D:\\Третий курс\\6sem\\Курсовой проект\\Server\\middleware\\roleCheck.js": {"path":"D:\\Третий курс\\6sem\\Курсовой проект\\Server\\middleware\\roleCheck.js","statementMap":{"0":{"start":{"line":2,"column":4},"end":{"line":8,"column":6}},"1":{"start":{"line":3,"column":8},"end":{"line":3,"column":78}},"2":{"start":{"line":3,"column":23},"end":{"line":3,"column":78}},"3":{"start":{"line":4,"column":8},"end":{"line":6,"column":9}},"4":{"start":{"line":5,"column":12},"end":{"line":5,"column":79}},"5":{"start":{"line":7,"column":8},"end":{"line":7,"column":15}},"6":{"start":{"line":11,"column":0},"end":{"line":11,"column":32}}},"fnMap":{"0":{"name":"allowRoles","decl":{"start":{"line":1,"column":9},"end":{"line":1,"column":19}},"loc":{"start":{"line":1,"column":37},"end":{"line":9,"column":1}},"line":1},"1":{"name":"(anonymous_1)","decl":{"start":{"line":2,"column":11},"end":{"line":2,"column":12}},"loc":{"start":{"line":2,"column":31},"end":{"line":8,"column":5}},"line":2}},"branchMap":{"0":{"loc":{"start":{"line":3,"column":8},"end":{"line":3,"column":78}},"type":"if","locations":[{"start":{"line":3,"column":8},"end":{"line":3,"column":78}},{"start":{},"end":{}}],"line":3},"1":{"loc":{"start":{"line":4,"column":8},"end":{"line":6,"column":9}},"type":"if","locations":[{"start":{"line":4,"column":8},"end":{"line":6,"column":9}},{"start":{},"end":{}}],"line":4}},"s":{"0":3,"1":3,"2":1,"3":2,"4":1,"5":1,"6":1},"f":{"0":3,"1":3},"b":{"0":[1,2],"1":[1,1]},"_coverageSchema":"1a1c01bbd47fc00a2c39e90264f33305004495a9","hash":"3dfdf87b307426a1b7038fc39b86813bf7a0ce8c"}
,"D:\\Третий курс\\6sem\\Курсовой проект\\Server\\routes\\auth.js": {"path":"D:\\Третий курс\\6sem\\Курсовой проект\\Server\\routes\\auth.js","statementMap":{"0":{"start":{"line":1,"column":16},"end":{"line":1,"column":34}},"1":{"start":{"line":2,"column":15},"end":{"line":2,"column":34}},"2":{"start":{"line":3,"column":12},"end":{"line":3,"column":35}},"3":{"start":{"line":4,"column":17},"end":{"line":4,"column":36}},"4":{"start":{"line":5,"column":15},"end":{"line":5,"column":44}},"5":{"start":{"line":6,"column":42},"end":{"line":6,"column":71}},"6":{"start":{"line":8,"column":15},"end":{"line":8,"column":31}},"7":{"start":{"line":11,"column":0},"end":{"line":87,"column":3}},"8":{"start":{"line":12,"column":4},"end":{"line":86,"column":5}},"9":{"start":{"line":13,"column":8},"end":{"line":13,"column":61}},"10":{"start":{"line":14,"column":61},"end":{"line":14,"column":69}},"11":{"start":{"line":17,"column":27},"end":{"line":17,"column":55}},"12":{"start":{"line":18,"column":30},"end":{"line":18,"column":35}},"13":{"start":{"line":20,"column":8},"end":{"line":30,"column":9}},"14":{"start":{"line":21,"column":26},"end":{"line":21,"column":50}},"15":{"start":{"line":22,"column":12},"end":{"line":29,"column":13}},"16":{"start":{"line":23,"column":32},"end":{"line":23,"column":61}},"17":{"start":{"line":24,"column":16},"end":{"line":26,"column":17}},"18":{"start":{"line":25,"column":20},"end":{"line":25,"column":43}},"19":{"start":{"line":33,"column":8},"end":{"line":35,"column":9}},"20":{"start":{"line":34,"column":12},"end":{"line":34,"column":90}},"21":{"start":{"line":38,"column":29},"end":{"line":45,"column":10}},"22":{"start":{"line":47,"column":8},"end":{"line":49,"column":9}},"23":{"start":{"line":48,"column":12},"end":{"line":48,"column":107}},"24":{"start":{"line":51,"column":23},"end":{"line":51,"column":54}},"25":{"start":{"line":53,"column":21},"end":{"line":67,"column":10}},"26":{"start":{"line":69,"column":8},"end":{"line":69,"column":62}},"27":{"start":{"line":72,"column":8},"end":{"line":82,"column":9}},"28":{"start":{"line":73,"column":12},"end":{"line":76,"column":15}},"29":{"start":{"line":78,"column":12},"end":{"line":81,"column":15}},"30":{"start":{"line":84,"column":8},"end":{"line":84,"column":50}},"31":{"start":{"line":85,"column":8},"end":{"line":85,"column":53}},"32":{"start":{"line":90,"column":0},"end":{"line":143,"column":3}},"33":{"start":{"line":91,"column":4},"end":{"line":142,"column":5}},"34":{"start":{"line":92,"column":8},"end":{"line":92,"column":54}},"35":{"start":{"line":93,"column":36},"end":{"line":93,"column":44}},"36":{"start":{"line":95,"column":8},"end":{"line":97,"column":9}},"37":{"start":{"line":96,"column":12},"end":{"line":96,"column":81}},"38":{"start":{"line":99,"column":21},"end":{"line":101,"column":10}},"39":{"start":{"line":103,"column":8},"end":{"line":106,"column":9}},"40":{"start":{"line":104,"column":12},"end":{"line":104,"column":50}},"41":{"start":{"line":105,"column":12},"end":{"line":105,"column":80}},"42":{"start":{"line":108,"column":8},"end":{"line":111,"column":9}},"43":{"start":{"line":109,"column":12},"end":{"line":109,"column":76}},"44":{"start":{"line":110,"column":12},"end":{"line":110,"column":131}},"45":{"start":{"line":113,"column":22},"end":{"line":113,"column":72}},"46":{"start":{"line":114,"column":8},"end":{"line":117,"column":9}},"47":{"start":{"line":115,"column":12},"end":{"line":115,"column":61}},"48":{"start":{"line":116,"column":12},"end":{"line":116,"column":80}},"49":{"start":{"line":119,"column":22},"end":{"line":127,"column":9}},"50":{"start":{"line":129,"column":8},"end":{"line":129,"column":61}},"51":{"start":{"line":130,"column":8},"end":{"line":138,"column":11}},"52":{"start":{"line":140,"column":8},"end":{"line":140,"column":43}},"53":{"start":{"line":141,"column":8},"end":{"line":141,"column":69}},"54":{"start":{"line":150,"column":0},"end":{"line":181,"column":2}},"55":{"start":{"line":156,"column":4},"end":{"line":179,"column":5}},"56":{"start":{"line":157,"column":19},"end":{"line":157,"column":27}},"57":{"start":{"line":160,"column":20},"end":{"line":160,"column":78}},"58":{"start":{"line":161,"column":20},"end":{"line":165,"column":7}},"59":{"start":{"line":166,"column":24},"end":{"line":172,"column":11}},"60":{"start":{"line":173,"column":6},"end":{"line":175,"column":7}},"61":{"start":{"line":174,"column":8},"end":{"line":174,"column":39}},"62":{"start":{"line":176,"column":6},"end":{"line":176,"column":32}},"63":{"start":{"line":178,"column":6},"end":{"line":178,"column":69}},"64":{"start":{"line":184,"column":0},"end":{"line":184,"column":24}}},"fnMap":{"0":{"name":"(anonymous_0)","decl":{"start":{"line":11,"column":25},"end":{"line":11,"column":26}},"loc":{"start":{"line":11,"column":45},"end":{"line":87,"column":1}},"line":11},"1":{"name":"(anonymous_1)","decl":{"start":{"line":90,"column":22},"end":{"line":90,"column":23}},"loc":{"start":{"line":90,"column":42},"end":{"line":143,"column":1}},"line":90},"2":{"name":"(anonymous_2)","decl":{"start":{"line":155,"column":2},"end":{"line":155,"column":3}},"loc":{"start":{"line":155,"column":16},"end":{"line":180,"column":3}},"line":155}},"branchMap":{"0":{"loc":{"start":{"line":14,"column":43},"end":{"line":14,"column":56}},"type":"default-arg","locations":[{"start":{"line":14,"column":50},"end":{"line":14,"column":56}}],"line":14},"1":{"loc":{"start":{"line":20,"column":8},"end":{"line":30,"column":9}},"type":"if","locations":[{"start":{"line":20,"column":8},"end":{"line":30,"column":9}},{"start":{},"end":{}}],"line":20},"2":{"loc":{"start":{"line":24,"column":16},"end":{"line":26,"column":17}},"type":"if","locations":[{"start":{"line":24,"column":16},"end":{"line":26,"column":17}},{"start":{},"end":{}}],"line":24},"3":{"loc":{"start":{"line":33,"column":8},"end":{"line":35,"column":9}},"type":"if","locations":[{"start":{"line":33,"column":8},"end":{"line":35,"column":9}},{"start":{},"end":{}}],"line":33},"4":{"loc":{"start":{"line":33,"column":12},"end":{"line":33,"column":44}},"type":"binary-expr","locations":[{"start":{"line":33,"column":12},"end":{"line":33,"column":21}},{"start":{"line":33,"column":25},"end":{"line":33,"column":31}},{"start":{"line":33,"column":35},"end":{"line":33,"column":44}}],"line":33},"5":{"loc":{"start":{"line":47,"column":8},"end":{"line":49,"column":9}},"type":"if","locations":[{"start":{"line":47,"column":8},"end":{"line":49,"column":9}},{"start":{},"end":{}}],"line":47},"6":{"loc":{"start":{"line":58,"column":22},"end":{"line":58,"column":53}},"type":"cond-expr","locations":[{"start":{"line":58,"column":40},"end":{"line":58,"column":44}},{"start":{"line":58,"column":47},"end":{"line":58,"column":53}}],"line":58},"7":{"loc":{"start":{"line":72,"column":8},"end":{"line":82,"column":9}},"type":"if","locations":[{"start":{"line":72,"column":8},"end":{"line":82,"column":9}},{"start":{"line":77,"column":15},"end":{"line":82,"column":9}}],"line":72},"8":{"loc":{"start":{"line":95,"column":8},"end":{"line":97,"column":9}},"type":"if","locations":[{"start":{"line":95,"column":8},"end":{"line":97,"column":9}},{"start":{},"end":{}}],"line":95},"9":{"loc":{"start":{"line":95,"column":12},"end":{"line":95,"column":31}},"type":"binary-expr","locations":[{"start":{"line":95,"column":12},"end":{"line":95,"column":18}},{"start":{"line":95,"column":22},"end":{"line":95,"column":31}}],"line":95},"10":{"loc":{"start":{"line":103,"column":8},"end":{"line":106,"column":9}},"type":"if","locations":[{"start":{"line":103,"column":8},"end":{"line":106,"column":9}},{"start":{},"end":{}}],"line":103},"11":{"loc":{"start":{"line":108,"column":8},"end":{"line":111,"column":9}},"type":"if","locations":[{"start":{"line":108,"column":8},"end":{"line":111,"column":9}},{"start":{},"end":{}}],"line":108},"12":{"loc":{"start":{"line":114,"column":8},"end":{"line":117,"column":9}},"type":"if","locations":[{"start":{"line":114,"column":8},"end":{"line":117,"column":9}},{"start":{},"end":{}}],"line":114},"13":{"loc":{"start":{"line":173,"column":6},"end":{"line":175,"column":7}},"type":"if","locations":[{"start":{"line":173,"column":6},"end":{"line":175,"column":7}},{"start":{},"end":{}}],"line":173}},"s":{"0":0,"1":0,"2":0,"3":0,"4":0,"5":0,"6":0,"7":0,"8":0,"9":0,"10":0,"11":0,"12":0,"13":0,"14":0,"15":0,"16":0,"17":0,"18":0,"19":0,"20":0,"21":0,"22":0,"23":0,"24":0,"25":0,"26":0,"27":0,"28":0,"29":0,"30":0,"31":0,"32":0,"33":0,"34":0,"35":0,"36":0,"37":0,"38":0,"39":0,"40":0,"41":0,"42":0,"43":0,"44":0,"45":0,"46":0,"47":0,"48":0,"49":0,"50":0,"51":0,"52":0,"53":0,"54":0,"55":0,"56":0,"57":0,"58":0,"59":0,"60":0,"61":0,"62":0,"63":0,"64":0},"f":{"0":0,"1":0,"2":0},"b":{"0":[0],"1":[0,0],"2":[0,0],"3":[0,0],"4":[0,0,0],"5":[0,0],"6":[0,0],"7":[0,0],"8":[0,0],"9":[0,0],"10":[0,0],"11":[0,0],"12":[0,0],"13":[0,0]}}
,"D:\\Третий курс\\6sem\\Курсовой проект\\Server\\routes\\places.js": {"path":"D:\\Третий курс\\6sem\\Курсовой проект\\Server\\routes\\places.js","statementMap":{"0":{"start":{"line":1,"column":16},"end":{"line":1,"column":34}},"1":{"start":{"line":2,"column":66},"end":{"line":2,"column":102}},"2":{"start":{"line":3,"column":30},"end":{"line":3,"column":59}},"3":{"start":{"line":5,"column":15},"end":{"line":5,"column":31}},"4":{"start":{"line":8,"column":0},"end":{"line":22,"column":3}},"5":{"start":{"line":9,"column":2},"end":{"line":21,"column":3}},"6":{"start":{"line":10,"column":40},"end":{"line":10,"column":49}},"7":{"start":{"line":12,"column":4},"end":{"line":14,"column":5}},"8":{"start":{"line":13,"column":6},"end":{"line":13,"column":78}},"9":{"start":{"line":16,"column":19},"end":{"line":16,"column":92}},"10":{"start":{"line":17,"column":4},"end":{"line":17,"column":21}},"11":{"start":{"line":19,"column":4},"end":{"line":19,"column":58}},"12":{"start":{"line":20,"column":4},"end":{"line":20,"column":51}},"13":{"start":{"line":25,"column":0},"end":{"line":39,"column":3}},"14":{"start":{"line":26,"column":2},"end":{"line":38,"column":3}},"15":{"start":{"line":27,"column":21},"end":{"line":27,"column":30}},"16":{"start":{"line":29,"column":4},"end":{"line":31,"column":5}},"17":{"start":{"line":30,"column":6},"end":{"line":30,"column":73}},"18":{"start":{"line":33,"column":19},"end":{"line":33,"column":49}},"19":{"start":{"line":34,"column":4},"end":{"line":34,"column":21}},"20":{"start":{"line":36,"column":4},"end":{"line":36,"column":52}},"21":{"start":{"line":37,"column":4},"end":{"line":37,"column":51}},"22":{"start":{"line":42,"column":0},"end":{"line":51,"column":3}},"23":{"start":{"line":43,"column":2},"end":{"line":50,"column":3}},"24":{"start":{"line":44,"column":21},"end":{"line":44,"column":30}},"25":{"start":{"line":45,"column":19},"end":{"line":45,"column":59}},"26":{"start":{"line":46,"column":4},"end":{"line":46,"column":21}},"27":{"start":{"line":48,"column":4},"end":{"line":48,"column":59}},"28":{"start":{"line":49,"column":4},"end":{"line":49,"column":51}},"29":{"start":{"line":53,"column":0},"end":{"line":53,"column":24}}},"fnMap":{"0":{"name":"(anonymous_0)","decl":{"start":{"line":8,"column":41},"end":{"line":8,"column":42}},"loc":{"start":{"line":8,"column":61},"end":{"line":22,"column":1}},"line":8},"1":{"name":"(anonymous_1)","decl":{"start":{"line":25,"column":41},"end":{"line":25,"column":42}},"loc":{"start":{"line":25,"column":61},"end":{"line":39,"column":1}},"line":25},"2":{"name":"(anonymous_2)","decl":{"start":{"line":42,"column":42},"end":{"line":42,"column":43}},"loc":{"start":{"line":42,"column":62},"end":{"line":51,"column":1}},"line":42}},"branchMap":{"0":{"loc":{"start":{"line":10,"column":22},"end":{"line":10,"column":35}},"type":"default-arg","locations":[{"start":{"line":10,"column":31},"end":{"line":10,"column":35}}],"line":10},"1":{"loc":{"start":{"line":12,"column":4},"end":{"line":14,"column":5}},"type":"if","locations":[{"start":{"line":12,"column":4},"end":{"line":14,"column":5}},{"start":{},"end":{}}],"line":12},"2":{"loc":{"start":{"line":12,"column":8},"end":{"line":12,"column":20}},"type":"binary-expr","locations":[{"start":{"line":12,"column":8},"end":{"line":12,"column":12}},{"start":{"line":12,"column":16},"end":{"line":12,"column":20}}],"line":12},"3":{"loc":{"start":{"line":29,"column":4},"end":{"line":31,"column":5}},"type":"if","locations":[{"start":{"line":29,"column":4},"end":{"line":31,"column":5}},{"start":{},"end":{}}],"line":29},"4":{"loc":{"start":{"line":45,"column":42},"end":{"line":45,"column":58}},"type":"binary-expr","locations":[{"start":{"line":45,"column":42},"end":{"line":45,"column":46}},{"start":{"line":45,"column":50},"end":{"line":45,"column":58}}],"line":45}},"s":{"0":0,"1":0,"2":0,"3":0,"4":0,"5":0,"6":0,"7":0,"8":0,"9":0,"10":0,"11":0,"12":0,"13":0,"14":0,"15":0,"16":0,"17":0,"18":0,"19":0,"20":0,"21":0,"22":0,"23":0,"24":0,"25":0,"26":0,"27":0,"28":0,"29":0},"f":{"0":0,"1":0,"2":0},"b":{"0":[0],"1":[0,0],"2":[0,0],"3":[0,0],"4":[0,0]}}
,"D:\\Третий курс\\6sem\\Курсовой проект\\Server\\routes\\stats.js": {"path":"D:\\Третий курс\\6sem\\Курсовой проект\\Server\\routes\\stats.js","statementMap":{"0":{"start":{"line":1,"column":16},"end":{"line":1,"column":34}},"1":{"start":{"line":2,"column":15},"end":{"line":2,"column":44}},"2":{"start":{"line":3,"column":30},"end":{"line":3,"column":59}},"3":{"start":{"line":4,"column":23},"end":{"line":4,"column":57}},"4":{"start":{"line":6,"column":15},"end":{"line":6,"column":31}},"5":{"start":{"line":9,"column":0},"end":{"line":106,"column":3}},"6":{"start":{"line":10,"column":4},"end":{"line":105,"column":5}},"7":{"start":{"line":11,"column":8},"end":{"line":11,"column":61}},"8":{"start":{"line":14,"column":27},"end":{"line":16,"column":10}},"9":{"start":{"line":19,"column":28},"end":{"line":25,"column":10}},"10":{"start":{"line":28,"column":8},"end":{"line":28,"column":87}},"11":{"start":{"line":31,"column":37},"end":{"line":33,"column":15}},"12":{"start":{"line":36,"column":34},"end":{"line":47,"column":9}},"13":{"start":{"line":49,"column":28},"end":{"line":52,"column":16}},"14":{"start":{"line":55,"column":22},"end":{"line":55,"column":32}},"15":{"start":{"line":56,"column":8},"end":{"line":56,"column":35}},"16":{"start":{"line":58,"column":30},"end":{"line":65,"column":10}},"17":{"start":{"line":68,"column":29},"end":{"line":78,"column":9}},"18":{"start":{"line":81,"column":32},"end":{"line":91,"column":9}},"19":{"start":{"line":93,"column":8},"end":{"line":101,"column":11}},"20":{"start":{"line":103,"column":8},"end":{"line":103,"column":43}},"21":{"start":{"line":104,"column":8},"end":{"line":104,"column":53}},"22":{"start":{"line":109,"column":0},"end":{"line":220,"column":3}},"23":{"start":{"line":110,"column":4},"end":{"line":219,"column":5}},"24":{"start":{"line":111,"column":8},"end":{"line":111,"column":44}},"25":{"start":{"line":114,"column":26},"end":{"line":114,"column":51}},"26":{"start":{"line":115,"column":26},"end":{"line":115,"column":51}},"27":{"start":{"line":116,"column":27},"end":{"line":116,"column":57}},"28":{"start":{"line":118,"column":8},"end":{"line":118,"column":97}},"29":{"start":{"line":121,"column":28},"end":{"line":126,"column":10}},"30":{"start":{"line":129,"column":25},"end":{"line":141,"column":9}},"31":{"start":{"line":144,"column":31},"end":{"line":152,"column":9}},"32":{"start":{"line":155,"column":30},"end":{"line":155,"column":40}},"33":{"start":{"line":156,"column":8},"end":{"line":156,"column":60}},"34":{"start":{"line":158,"column":29},"end":{"line":164,"column":10}},"35":{"start":{"line":166,"column":32},"end":{"line":172,"column":10}},"36":{"start":{"line":174,"column":28},"end":{"line":180,"column":10}},"37":{"start":{"line":183,"column":35},"end":{"line":190,"column":9}},"38":{"start":{"line":192,"column":29},"end":{"line":192,"column":112}},"39":{"start":{"line":193,"column":34},"end":{"line":196,"column":11}},"40":{"start":{"line":193,"column":70},"end":{"line":196,"column":9}},"41":{"start":{"line":198,"column":8},"end":{"line":215,"column":11}},"42":{"start":{"line":217,"column":8},"end":{"line":217,"column":49}},"43":{"start":{"line":218,"column":8},"end":{"line":218,"column":53}},"44":{"start":{"line":222,"column":0},"end":{"line":222,"column":24}}},"fnMap":{"0":{"name":"(anonymous_0)","decl":{"start":{"line":9,"column":37},"end":{"line":9,"column":38}},"loc":{"start":{"line":9,"column":57},"end":{"line":106,"column":1}},"line":9},"1":{"name":"(anonymous_1)","decl":{"start":{"line":109,"column":61},"end":{"line":109,"column":62}},"loc":{"start":{"line":109,"column":81},"end":{"line":220,"column":1}},"line":109},"2":{"name":"(anonymous_2)","decl":{"start":{"line":193,"column":61},"end":{"line":193,"column":62}},"loc":{"start":{"line":193,"column":70},"end":{"line":196,"column":9}},"line":193}},"branchMap":{"0":{"loc":{"start":{"line":31,"column":37},"end":{"line":33,"column":15}},"type":"cond-expr","locations":[{"start":{"line":32,"column":14},"end":{"line":32,"column":51}},{"start":{"line":33,"column":14},"end":{"line":33,"column":15}}],"line":31},"1":{"loc":{"start":{"line":49,"column":28},"end":{"line":52,"column":16}},"type":"cond-expr","locations":[{"start":{"line":49,"column":110},"end":{"line":52,"column":9}},{"start":{"line":52,"column":12},"end":{"line":52,"column":16}}],"line":49},"2":{"loc":{"start":{"line":49,"column":28},"end":{"line":49,"column":107}},"type":"binary-expr","locations":[{"start":{"line":49,"column":28},"end":{"line":49,"column":45}},{"start":{"line":49,"column":49},"end":{"line":49,"column":69}},{"start":{"line":49,"column":73},"end":{"line":49,"column":107}}],"line":49},"3":{"loc":{"start":{"line":99,"column":28},"end":{"line":99,"column":46}},"type":"binary-expr","locations":[{"start":{"line":99,"column":28},"end":{"line":99,"column":40}},{"start":{"line":99,"column":44},"end":{"line":99,"column":46}}],"line":99},"4":{"loc":{"start":{"line":193,"column":35},"end":{"line":193,"column":55}},"type":"binary-expr","locations":[{"start":{"line":193,"column":35},"end":{"line":193,"column":49}},{"start":{"line":193,"column":53},"end":{"line":193,"column":55}}],"line":193},"5":{"loc":{"start":{"line":194,"column":21},"end":{"line":194,"column":63}},"type":"binary-expr","locations":[{"start":{"line":194,"column":21},"end":{"line":194,"column":47}},{"start":{"line":194,"column":51},"end":{"line":194,"column":63}}],"line":194},"6":{"loc":{"start":{"line":203,"column":40},"end":{"line":203,"column":106}},"type":"cond-expr","locations":[{"start":{"line":203,"column":56},"end":{"line":203,"column":102}},{"start":{"line":203,"column":105},"end":{"line":203,"column":106}}],"line":203},"7":{"loc":{"start":{"line":204,"column":41},"end":{"line":204,"column":108}},"type":"cond-expr","locations":[{"start":{"line":204,"column":57},"end":{"line":204,"column":104}},{"start":{"line":204,"column":107},"end":{"line":204,"column":108}}],"line":204},"8":{"loc":{"start":{"line":205,"column":41},"end":{"line":205,"column":108}},"type":"cond-expr","locations":[{"start":{"line":205,"column":57},"end":{"line":205,"column":104}},{"start":{"line":205,"column":107},"end":{"line":205,"column":108}}],"line":205}},"s":{"0":0,"1":0,"2":0,"3":0,"4":0,"5":0,"6":0,"7":0,"8":0,"9":0,"10":0,"11":0,"12":0,"13":0,"14":0,"15":0,"16":0,"17":0,"18":0,"19":0,"20":0,"21":0,"22":0,"23":0,"24":0,"25":0,"26":0,"27":0,"28":0,"29":0,"30":0,"31":0,"32":0,"33":0,"34":0,"35":0,"36":0,"37":0,"38":0,"39":0,"40":0,"41":0,"42":0,"43":0,"44":0},"f":{"0":0,"1":0,"2":0},"b":{"0":[0,0],"1":[0,0],"2":[0,0,0],"3":[0,0],"4":[0,0],"5":[0,0],"6":[0,0],"7":[0,0],"8":[0,0]}}
,"D:\\Третий курс\\6sem\\Курсовой проект\\Server\\routes\\trips.js": {"path":"D:\\Третий курс\\6sem\\Курсовой проект\\Server\\routes\\trips.js","statementMap":{"0":{"start":{"line":1,"column":16},"end":{"line":1,"column":34}},"1":{"start":{"line":2,"column":15},"end":{"line":2,"column":44}},"2":{"start":{"line":3,"column":30},"end":{"line":3,"column":59}},"3":{"start":{"line":4,"column":27},"end":{"line":4,"column":59}},"4":{"start":{"line":5,"column":50},"end":{"line":5,"column":87}},"5":{"start":{"line":6,"column":14},"end":{"line":6,"column":30}},"6":{"start":{"line":8,"column":15},"end":{"line":8,"column":31}},"7":{"start":{"line":11,"column":0},"end":{"line":38,"column":3}},"8":{"start":{"line":12,"column":4},"end":{"line":37,"column":5}},"9":{"start":{"line":14,"column":8},"end":{"line":32,"column":9}},"10":{"start":{"line":15,"column":12},"end":{"line":26,"column":15}},"11":{"start":{"line":28,"column":12},"end":{"line":31,"column":15}},"12":{"start":{"line":33,"column":8},"end":{"line":33,"column":24}},"13":{"start":{"line":35,"column":8},"end":{"line":35,"column":54}},"14":{"start":{"line":36,"column":8},"end":{"line":36,"column":55}},"15":{"start":{"line":41,"column":0},"end":{"line":74,"column":3}},"16":{"start":{"line":42,"column":2},"end":{"line":73,"column":3}},"17":{"start":{"line":43,"column":19},"end":{"line":43,"column":46}},"18":{"start":{"line":44,"column":37},"end":{"line":44,"column":45}},"19":{"start":{"line":46,"column":22},"end":{"line":46,"column":42}},"20":{"start":{"line":47,"column":20},"end":{"line":47,"column":38}},"21":{"start":{"line":49,"column":19},"end":{"line":59,"column":6}},"22":{"start":{"line":61,"column":30},"end":{"line":68,"column":7}},"23":{"start":{"line":62,"column":24},"end":{"line":62,"column":49}},"24":{"start":{"line":63,"column":6},"end":{"line":63,"column":58}},"25":{"start":{"line":64,"column":17},"end":{"line":68,"column":5}},"26":{"start":{"line":70,"column":4},"end":{"line":70,"column":87}},"27":{"start":{"line":72,"column":4},"end":{"line":72,"column":51}},"28":{"start":{"line":77,"column":0},"end":{"line":120,"column":3}},"29":{"start":{"line":78,"column":2},"end":{"line":119,"column":3}},"30":{"start":{"line":79,"column":19},"end":{"line":79,"column":46}},"31":{"start":{"line":80,"column":37},"end":{"line":80,"column":45}},"32":{"start":{"line":82,"column":22},"end":{"line":82,"column":42}},"33":{"start":{"line":83,"column":20},"end":{"line":83,"column":38}},"34":{"start":{"line":84,"column":22},"end":{"line":84,"column":82}},"35":{"start":{"line":86,"column":19},"end":{"line":89,"column":6}},"36":{"start":{"line":91,"column":4},"end":{"line":114,"column":5}},"37":{"start":{"line":92,"column":6},"end":{"line":113,"column":7}},"38":{"start":{"line":93,"column":24},"end":{"line":93,"column":48}},"39":{"start":{"line":94,"column":26},"end":{"line":94,"column":46}},"40":{"start":{"line":96,"column":27},"end":{"line":96,"column":36}},"41":{"start":{"line":97,"column":8},"end":{"line":101,"column":9}},"42":{"start":{"line":98,"column":10},"end":{"line":98,"column":27}},"43":{"start":{"line":99,"column":15},"end":{"line":101,"column":9}},"44":{"start":{"line":100,"column":10},"end":{"line":100,"column":35}},"45":{"start":{"line":103,"column":23},"end":{"line":105,"column":10}},"46":{"start":{"line":107,"column":8},"end":{"line":112,"column":9}},"47":{"start":{"line":108,"column":10},"end":{"line":111,"column":13}},"48":{"start":{"line":116,"column":4},"end":{"line":116,"column":55}},"49":{"start":{"line":118,"column":4},"end":{"line":118,"column":51}},"50":{"start":{"line":123,"column":0},"end":{"line":191,"column":3}},"51":{"start":{"line":124,"column":4},"end":{"line":190,"column":5}},"52":{"start":{"line":125,"column":48},"end":{"line":125,"column":56}},"53":{"start":{"line":127,"column":8},"end":{"line":127,"column":60}},"54":{"start":{"line":128,"column":8},"end":{"line":128,"column":67}},"55":{"start":{"line":130,"column":8},"end":{"line":132,"column":9}},"56":{"start":{"line":131,"column":12},"end":{"line":131,"column":90}},"57":{"start":{"line":134,"column":26},"end":{"line":134,"column":46}},"58":{"start":{"line":135,"column":24},"end":{"line":135,"column":42}},"59":{"start":{"line":136,"column":22},"end":{"line":136,"column":32}},"60":{"start":{"line":137,"column":8},"end":{"line":137,"column":35}},"61":{"start":{"line":139,"column":8},"end":{"line":141,"column":9}},"62":{"start":{"line":140,"column":12},"end":{"line":140,"column":102}},"63":{"start":{"line":143,"column":8},"end":{"line":145,"column":9}},"64":{"start":{"line":144,"column":12},"end":{"line":144,"column":90}},"65":{"start":{"line":147,"column":30},"end":{"line":159,"column":10}},"66":{"start":{"line":161,"column":8},"end":{"line":173,"column":9}},"67":{"start":{"line":162,"column":29},"end":{"line":162,"column":45}},"68":{"start":{"line":163,"column":12},"end":{"line":172,"column":15}},"69":{"start":{"line":175,"column":21},"end":{"line":182,"column":10}},"70":{"start":{"line":184,"column":8},"end":{"line":184,"column":46}},"71":{"start":{"line":185,"column":8},"end":{"line":185,"column":35}},"72":{"start":{"line":188,"column":8},"end":{"line":188,"column":53}},"73":{"start":{"line":189,"column":8},"end":{"line":189,"column":55}},"74":{"start":{"line":194,"column":0},"end":{"line":205,"column":3}},"75":{"start":{"line":195,"column":4},"end":{"line":204,"column":5}},"76":{"start":{"line":196,"column":22},"end":{"line":199,"column":10}},"77":{"start":{"line":200,"column":8},"end":{"line":200,"column":24}},"78":{"start":{"line":202,"column":8},"end":{"line":202,"column":62}},"79":{"start":{"line":203,"column":8},"end":{"line":203,"column":55}},"80":{"start":{"line":208,"column":0},"end":{"line":247,"column":3}},"81":{"start":{"line":209,"column":4},"end":{"line":246,"column":5}},"82":{"start":{"line":210,"column":23},"end":{"line":210,"column":50}},"83":{"start":{"line":211,"column":8},"end":{"line":211,"column":92}},"84":{"start":{"line":214,"column":8},"end":{"line":234,"column":9}},"85":{"start":{"line":215,"column":12},"end":{"line":226,"column":15}},"86":{"start":{"line":228,"column":12},"end":{"line":233,"column":15}},"87":{"start":{"line":236,"column":8},"end":{"line":239,"column":9}},"88":{"start":{"line":237,"column":12},"end":{"line":237,"column":51}},"89":{"start":{"line":238,"column":12},"end":{"line":238,"column":73}},"90":{"start":{"line":241,"column":8},"end":{"line":241,"column":125}},"91":{"start":{"line":242,"column":8},"end":{"line":242,"column":23}},"92":{"start":{"line":244,"column":8},"end":{"line":244,"column":53}},"93":{"start":{"line":245,"column":8},"end":{"line":245,"column":55}},"94":{"start":{"line":250,"column":0},"end":{"line":296,"column":3}},"95":{"start":{"line":251,"column":4},"end":{"line":295,"column":5}},"96":{"start":{"line":252,"column":23},"end":{"line":252,"column":50}},"97":{"start":{"line":253,"column":8},"end":{"line":253,"column":100}},"98":{"start":{"line":256,"column":8},"end":{"line":283,"column":9}},"99":{"start":{"line":257,"column":12},"end":{"line":270,"column":15}},"100":{"start":{"line":272,"column":12},"end":{"line":282,"column":15}},"101":{"start":{"line":285,"column":8},"end":{"line":288,"column":9}},"102":{"start":{"line":286,"column":12},"end":{"line":286,"column":51}},"103":{"start":{"line":287,"column":12},"end":{"line":287,"column":73}},"104":{"start":{"line":290,"column":8},"end":{"line":290,"column":77}},"105":{"start":{"line":291,"column":8},"end":{"line":291,"column":23}},"106":{"start":{"line":293,"column":8},"end":{"line":293,"column":61}},"107":{"start":{"line":294,"column":8},"end":{"line":294,"column":55}},"108":{"start":{"line":299,"column":0},"end":{"line":365,"column":3}},"109":{"start":{"line":300,"column":4},"end":{"line":364,"column":5}},"110":{"start":{"line":301,"column":23},"end":{"line":301,"column":50}},"111":{"start":{"line":303,"column":23},"end":{"line":306,"column":10}},"112":{"start":{"line":308,"column":8},"end":{"line":310,"column":9}},"113":{"start":{"line":309,"column":12},"end":{"line":309,"column":92}},"114":{"start":{"line":312,"column":32},"end":{"line":312,"column":53}},"115":{"start":{"line":312,"column":48},"end":{"line":312,"column":52}},"116":{"start":{"line":313,"column":32},"end":{"line":313,"column":53}},"117":{"start":{"line":314,"column":28},"end":{"line":314,"column":58}},"118":{"start":{"line":314,"column":53},"end":{"line":314,"column":57}},"119":{"start":{"line":316,"column":27},"end":{"line":316,"column":32}},"120":{"start":{"line":317,"column":8},"end":{"line":322,"column":9}},"121":{"start":{"line":317,"column":21},"end":{"line":317,"column":22}},"122":{"start":{"line":318,"column":12},"end":{"line":321,"column":13}},"123":{"start":{"line":319,"column":16},"end":{"line":319,"column":36}},"124":{"start":{"line":320,"column":16},"end":{"line":320,"column":22}},"125":{"start":{"line":324,"column":28},"end":{"line":324,"column":58}},"126":{"start":{"line":325,"column":28},"end":{"line":325,"column":67}},"127":{"start":{"line":327,"column":26},"end":{"line":327,"column":27}},"128":{"start":{"line":328,"column":8},"end":{"line":330,"column":9}},"129":{"start":{"line":329,"column":12},"end":{"line":329,"column":76}},"130":{"start":{"line":332,"column":8},"end":{"line":342,"column":9}},"131":{"start":{"line":333,"column":12},"end":{"line":341,"column":15}},"132":{"start":{"line":335,"column":43},"end":{"line":335,"column":55}},"133":{"start":{"line":336,"column":43},"end":{"line":336,"column":55}},"134":{"start":{"line":344,"column":8},"end":{"line":349,"column":9}},"135":{"start":{"line":344,"column":21},"end":{"line":344,"column":22}},"136":{"start":{"line":345,"column":12},"end":{"line":348,"column":15}},"137":{"start":{"line":351,"column":8},"end":{"line":360,"column":11}},"138":{"start":{"line":353,"column":39},"end":{"line":353,"column":51}},"139":{"start":{"line":354,"column":48},"end":{"line":354,"column":60}},"140":{"start":{"line":362,"column":8},"end":{"line":362,"column":56}},"141":{"start":{"line":363,"column":8},"end":{"line":363,"column":55}},"142":{"start":{"line":368,"column":0},"end":{"line":463,"column":3}},"143":{"start":{"line":369,"column":4},"end":{"line":462,"column":5}},"144":{"start":{"line":370,"column":23},"end":{"line":370,"column":50}},"145":{"start":{"line":371,"column":48},"end":{"line":371,"column":56}},"146":{"start":{"line":373,"column":21},"end":{"line":376,"column":10}},"147":{"start":{"line":378,"column":8},"end":{"line":380,"column":9}},"148":{"start":{"line":379,"column":12},"end":{"line":379,"column":73}},"149":{"start":{"line":382,"column":8},"end":{"line":384,"column":9}},"150":{"start":{"line":383,"column":12},"end":{"line":383,"column":81}},"151":{"start":{"line":386,"column":26},"end":{"line":386,"column":46}},"152":{"start":{"line":387,"column":24},"end":{"line":387,"column":42}},"153":{"start":{"line":388,"column":22},"end":{"line":388,"column":32}},"154":{"start":{"line":389,"column":8},"end":{"line":389,"column":35}},"155":{"start":{"line":391,"column":8},"end":{"line":393,"column":9}},"156":{"start":{"line":392,"column":12},"end":{"line":392,"column":90}},"157":{"start":{"line":395,"column":8},"end":{"line":397,"column":9}},"158":{"start":{"line":396,"column":12},"end":{"line":396,"column":102}},"159":{"start":{"line":400,"column":33},"end":{"line":413,"column":10}},"160":{"start":{"line":415,"column":8},"end":{"line":427,"column":9}},"161":{"start":{"line":416,"column":29},"end":{"line":416,"column":48}},"162":{"start":{"line":417,"column":12},"end":{"line":426,"column":15}},"163":{"start":{"line":430,"column":28},"end":{"line":437,"column":10}},"164":{"start":{"line":440,"column":33},"end":{"line":440,"column":35}},"165":{"start":{"line":441,"column":8},"end":{"line":452,"column":9}},"166":{"start":{"line":442,"column":12},"end":{"line":451,"column":13}},"167":{"start":{"line":443,"column":34},"end":{"line":443,"column":60}},"168":{"start":{"line":444,"column":16},"end":{"line":450,"column":17}},"169":{"start":{"line":445,"column":20},"end":{"line":449,"column":23}},"170":{"start":{"line":454,"column":8},"end":{"line":458,"column":11}},"171":{"start":{"line":460,"column":8},"end":{"line":460,"column":53}},"172":{"start":{"line":461,"column":8},"end":{"line":461,"column":55}},"173":{"start":{"line":466,"column":0},"end":{"line":491,"column":3}},"174":{"start":{"line":467,"column":4},"end":{"line":490,"column":5}},"175":{"start":{"line":468,"column":23},"end":{"line":468,"column":50}},"176":{"start":{"line":470,"column":21},"end":{"line":472,"column":10}},"177":{"start":{"line":474,"column":8},"end":{"line":476,"column":9}},"178":{"start":{"line":475,"column":12},"end":{"line":475,"column":73}},"179":{"start":{"line":478,"column":8},"end":{"line":480,"column":9}},"180":{"start":{"line":479,"column":12},"end":{"line":479,"column":88}},"181":{"start":{"line":482,"column":8},"end":{"line":484,"column":11}},"182":{"start":{"line":486,"column":8},"end":{"line":486,"column":49}},"183":{"start":{"line":488,"column":8},"end":{"line":488,"column":53}},"184":{"start":{"line":489,"column":8},"end":{"line":489,"column":55}},"185":{"start":{"line":494,"column":0},"end":{"line":535,"column":3}},"186":{"start":{"line":495,"column":4},"end":{"line":534,"column":5}},"187":{"start":{"line":496,"column":23},"end":{"line":496,"column":50}},"188":{"start":{"line":497,"column":23},"end":{"line":500,"column":10}},"189":{"start":{"line":502,"column":8},"end":{"line":509,"column":9}},"190":{"start":{"line":503,"column":12},"end":{"line":508,"column":15}},"191":{"start":{"line":511,"column":28},"end":{"line":511,"column":85}},"192":{"start":{"line":511,"column":44},"end":{"line":511,"column":74}},"193":{"start":{"line":512,"column":20},"end":{"line":512,"column":85}},"194":{"start":{"line":514,"column":25},"end":{"line":516,"column":10}},"195":{"start":{"line":518,"column":8},"end":{"line":530,"column":9}},"196":{"start":{"line":519,"column":26},"end":{"line":519,"column":49}},"197":{"start":{"line":520,"column":32},"end":{"line":520,"column":62}},"198":{"start":{"line":522,"column":12},"end":{"line":526,"column":15}},"199":{"start":{"line":528,"column":31},"end":{"line":528,"column":111}},"200":{"start":{"line":528,"column":48},"end":{"line":528,"column":109}},"201":{"start":{"line":529,"column":12},"end":{"line":529,"column":79}},"202":{"start":{"line":532,"column":8},"end":{"line":532,"column":45}},"203":{"start":{"line":533,"column":8},"end":{"line":533,"column":55}},"204":{"start":{"line":538,"column":0},"end":{"line":548,"column":3}},"205":{"start":{"line":539,"column":4},"end":{"line":547,"column":5}},"206":{"start":{"line":540,"column":23},"end":{"line":543,"column":10}},"207":{"start":{"line":544,"column":8},"end":{"line":544,"column":25}},"208":{"start":{"line":546,"column":8},"end":{"line":546,"column":55}},"209":{"start":{"line":551,"column":0},"end":{"line":612,"column":3}},"210":{"start":{"line":552,"column":4},"end":{"line":611,"column":5}},"211":{"start":{"line":553,"column":23},"end":{"line":553,"column":50}},"212":{"start":{"line":554,"column":80},"end":{"line":554,"column":88}},"213":{"start":{"line":556,"column":8},"end":{"line":556,"column":91}},"214":{"start":{"line":558,"column":8},"end":{"line":571,"column":9}},"215":{"start":{"line":559,"column":29},"end":{"line":559,"column":58}},"216":{"start":{"line":560,"column":12},"end":{"line":570,"column":13}},"217":{"start":{"line":561,"column":16},"end":{"line":561,"column":45}},"218":{"start":{"line":562,"column":16},"end":{"line":562,"column":47}},"219":{"start":{"line":563,"column":16},"end":{"line":565,"column":17}},"220":{"start":{"line":564,"column":20},"end":{"line":564,"column":53}},"221":{"start":{"line":566,"column":16},"end":{"line":566,"column":43}},"222":{"start":{"line":567,"column":16},"end":{"line":567,"column":109}},"223":{"start":{"line":569,"column":16},"end":{"line":569,"column":112}},"224":{"start":{"line":573,"column":8},"end":{"line":575,"column":9}},"225":{"start":{"line":574,"column":12},"end":{"line":574,"column":94}},"226":{"start":{"line":577,"column":29},"end":{"line":577,"column":56}},"227":{"start":{"line":578,"column":27},"end":{"line":578,"column":40}},"228":{"start":{"line":580,"column":8},"end":{"line":582,"column":9}},"229":{"start":{"line":581,"column":12},"end":{"line":581,"column":30}},"230":{"start":{"line":585,"column":8},"end":{"line":592,"column":9}},"231":{"start":{"line":586,"column":20},"end":{"line":588,"column":10}},"232":{"start":{"line":589,"column":8},"end":{"line":591,"column":9}},"233":{"start":{"line":590,"column":12},"end":{"line":590,"column":97}},"234":{"start":{"line":594,"column":22},"end":{"line":604,"column":10}},"235":{"start":{"line":606,"column":8},"end":{"line":606,"column":80}},"236":{"start":{"line":607,"column":8},"end":{"line":607,"column":36}},"237":{"start":{"line":609,"column":8},"end":{"line":609,"column":52}},"238":{"start":{"line":610,"column":8},"end":{"line":610,"column":55}},"239":{"start":{"line":615,"column":0},"end":{"line":624,"column":3}},"240":{"start":{"line":616,"column":4},"end":{"line":623,"column":5}},"241":{"start":{"line":617,"column":8},"end":{"line":619,"column":11}},"242":{"start":{"line":620,"column":8},"end":{"line":620,"column":47}},"243":{"start":{"line":622,"column":8},"end":{"line":622,"column":55}},"244":{"start":{"line":629,"column":0},"end":{"line":666,"column":3}},"245":{"start":{"line":630,"column":4},"end":{"line":665,"column":5}},"246":{"start":{"line":631,"column":23},"end":{"line":631,"column":50}},"247":{"start":{"line":632,"column":41},"end":{"line":632,"column":49}},"248":{"start":{"line":634,"column":8},"end":{"line":634,"column":79}},"249":{"start":{"line":636,"column":22},"end":{"line":636,"column":42}},"250":{"start":{"line":637,"column":20},"end":{"line":637,"column":38}},"251":{"start":{"line":638,"column":26},"end":{"line":638,"column":78}},"252":{"start":{"line":640,"column":8},"end":{"line":642,"column":11}},"253":{"start":{"line":644,"column":21},"end":{"line":644,"column":23}},"254":{"start":{"line":645,"column":8},"end":{"line":658,"column":9}},"255":{"start":{"line":645,"column":21},"end":{"line":645,"column":22}},"256":{"start":{"line":646,"column":32},"end":{"line":646,"column":47}},"257":{"start":{"line":647,"column":12},"end":{"line":647,"column":53}},"258":{"start":{"line":649,"column":24},"end":{"line":656,"column":14}},"259":{"start":{"line":657,"column":12},"end":{"line":657,"column":27}},"260":{"start":{"line":660,"column":8},"end":{"line":660,"column":72}},"261":{"start":{"line":661,"column":8},"end":{"line":661,"column":23}},"262":{"start":{"line":663,"column":8},"end":{"line":663,"column":55}},"263":{"start":{"line":664,"column":8},"end":{"line":664,"column":55}},"264":{"start":{"line":669,"column":0},"end":{"line":688,"column":3}},"265":{"start":{"line":670,"column":4},"end":{"line":687,"column":5}},"266":{"start":{"line":671,"column":23},"end":{"line":671,"column":50}},"267":{"start":{"line":673,"column":21},"end":{"line":681,"column":10}},"268":{"start":{"line":683,"column":8},"end":{"line":683,"column":23}},"269":{"start":{"line":685,"column":8},"end":{"line":685,"column":53}},"270":{"start":{"line":686,"column":8},"end":{"line":686,"column":55}},"271":{"start":{"line":691,"column":0},"end":{"line":737,"column":3}},"272":{"start":{"line":692,"column":4},"end":{"line":736,"column":5}},"273":{"start":{"line":693,"column":23},"end":{"line":693,"column":50}},"274":{"start":{"line":694,"column":22},"end":{"line":694,"column":48}},"275":{"start":{"line":695,"column":28},"end":{"line":695,"column":36}},"276":{"start":{"line":697,"column":8},"end":{"line":697,"column":72}},"277":{"start":{"line":699,"column":8},"end":{"line":701,"column":9}},"278":{"start":{"line":700,"column":12},"end":{"line":700,"column":71}},"279":{"start":{"line":703,"column":26},"end":{"line":706,"column":10}},"280":{"start":{"line":708,"column":23},"end":{"line":708,"column":27}},"281":{"start":{"line":709,"column":24},"end":{"line":709,"column":28}},"282":{"start":{"line":710,"column":24},"end":{"line":710,"column":45}},"283":{"start":{"line":712,"column":25},"end":{"line":712,"column":54}},"284":{"start":{"line":713,"column":8},"end":{"line":717,"column":9}},"285":{"start":{"line":714,"column":12},"end":{"line":714,"column":41}},"286":{"start":{"line":715,"column":12},"end":{"line":715,"column":43}},"287":{"start":{"line":716,"column":12},"end":{"line":716,"column":69}},"288":{"start":{"line":719,"column":22},"end":{"line":729,"column":10}},"289":{"start":{"line":731,"column":8},"end":{"line":731,"column":53}},"290":{"start":{"line":732,"column":8},"end":{"line":732,"column":24}},"291":{"start":{"line":734,"column":8},"end":{"line":734,"column":59}},"292":{"start":{"line":735,"column":8},"end":{"line":735,"column":55}},"293":{"start":{"line":740,"column":0},"end":{"line":755,"column":3}},"294":{"start":{"line":741,"column":4},"end":{"line":754,"column":5}},"295":{"start":{"line":742,"column":24},"end":{"line":742,"column":52}},"296":{"start":{"line":743,"column":27},"end":{"line":743,"column":35}},"297":{"start":{"line":745,"column":22},"end":{"line":748,"column":10}},"298":{"start":{"line":750,"column":8},"end":{"line":750,"column":24}},"299":{"start":{"line":752,"column":8},"end":{"line":752,"column":62}},"300":{"start":{"line":753,"column":8},"end":{"line":753,"column":55}},"301":{"start":{"line":758,"column":0},"end":{"line":772,"column":3}},"302":{"start":{"line":759,"column":4},"end":{"line":771,"column":5}},"303":{"start":{"line":760,"column":24},"end":{"line":760,"column":52}},"304":{"start":{"line":762,"column":22},"end":{"line":765,"column":10}},"305":{"start":{"line":767,"column":8},"end":{"line":767,"column":24}},"306":{"start":{"line":769,"column":8},"end":{"line":769,"column":57}},"307":{"start":{"line":770,"column":8},"end":{"line":770,"column":55}},"308":{"start":{"line":775,"column":17},"end":{"line":775,"column":19}},"309":{"start":{"line":776,"column":16},"end":{"line":776,"column":17}},"310":{"start":{"line":776,"column":25},"end":{"line":776,"column":39}},"311":{"start":{"line":777,"column":14},"end":{"line":777,"column":15}},"312":{"start":{"line":777,"column":23},"end":{"line":777,"column":24}},"313":{"start":{"line":779,"column":4},"end":{"line":800,"column":5}},"314":{"start":{"line":780,"column":23},"end":{"line":780,"column":24}},"315":{"start":{"line":780,"column":35},"end":{"line":780,"column":36}},"316":{"start":{"line":781,"column":8},"end":{"line":785,"column":28}},"317":{"start":{"line":782,"column":12},"end":{"line":782,"column":49}},"318":{"start":{"line":783,"column":12},"end":{"line":783,"column":42}},"319":{"start":{"line":784,"column":12},"end":{"line":784,"column":23}},"320":{"start":{"line":786,"column":20},"end":{"line":786,"column":65}},"321":{"start":{"line":787,"column":8},"end":{"line":787,"column":20}},"322":{"start":{"line":789,"column":8},"end":{"line":789,"column":18}},"323":{"start":{"line":790,"column":8},"end":{"line":790,"column":19}},"324":{"start":{"line":791,"column":8},"end":{"line":795,"column":28}},"325":{"start":{"line":792,"column":12},"end":{"line":792,"column":49}},"326":{"start":{"line":793,"column":12},"end":{"line":793,"column":42}},"327":{"start":{"line":794,"column":12},"end":{"line":794,"column":23}},"328":{"start":{"line":796,"column":20},"end":{"line":796,"column":65}},"329":{"start":{"line":797,"column":8},"end":{"line":797,"column":20}},"330":{"start":{"line":799,"column":8},"end":{"line":799,"column":56}},"331":{"start":{"line":801,"column":4},"end":{"line":801,"column":18}},"332":{"start":{"line":804,"column":0},"end":{"line":804,"column":24}}},"fnMap":{"0":{"name":"(anonymous_0)","decl":{"start":{"line":11,"column":35},"end":{"line":11,"column":36}},"loc":{"start":{"line":11,"column":55},"end":{"line":38,"column":1}},"line":11},"1":{"name":"(anonymous_1)","decl":{"start":{"line":41,"column":55},"end":{"line":41,"column":56}},"loc":{"start":{"line":41,"column":75},"end":{"line":74,"column":1}},"line":41},"2":{"name":"(anonymous_2)","decl":{"start":{"line":61,"column":44},"end":{"line":61,"column":45}},"loc":{"start":{"line":61,"column":53},"end":{"line":64,"column":5}},"line":61},"3":{"name":"(anonymous_3)","decl":{"start":{"line":64,"column":11},"end":{"line":64,"column":12}},"loc":{"start":{"line":64,"column":17},"end":{"line":68,"column":5}},"line":64},"4":{"name":"(anonymous_4)","decl":{"start":{"line":77,"column":55},"end":{"line":77,"column":56}},"loc":{"start":{"line":77,"column":75},"end":{"line":120,"column":1}},"line":77},"5":{"name":"(anonymous_5)","decl":{"start":{"line":123,"column":36},"end":{"line":123,"column":37}},"loc":{"start":{"line":123,"column":56},"end":{"line":191,"column":1}},"line":123},"6":{"name":"(anonymous_6)","decl":{"start":{"line":194,"column":42},"end":{"line":194,"column":43}},"loc":{"start":{"line":194,"column":62},"end":{"line":205,"column":1}},"line":194},"7":{"name":"(anonymous_7)","decl":{"start":{"line":208,"column":42},"end":{"line":208,"column":43}},"loc":{"start":{"line":208,"column":62},"end":{"line":247,"column":1}},"line":208},"8":{"name":"(anonymous_8)","decl":{"start":{"line":250,"column":50},"end":{"line":250,"column":51}},"loc":{"start":{"line":250,"column":70},"end":{"line":296,"column":1}},"line":250},"9":{"name":"(anonymous_9)","decl":{"start":{"line":299,"column":52},"end":{"line":299,"column":53}},"loc":{"start":{"line":299,"column":72},"end":{"line":365,"column":1}},"line":299},"10":{"name":"(anonymous_10)","decl":{"start":{"line":312,"column":43},"end":{"line":312,"column":44}},"loc":{"start":{"line":312,"column":48},"end":{"line":312,"column":52}},"line":312},"11":{"name":"(anonymous_11)","decl":{"start":{"line":314,"column":48},"end":{"line":314,"column":49}},"loc":{"start":{"line":314,"column":53},"end":{"line":314,"column":57}},"line":314},"12":{"name":"(anonymous_12)","decl":{"start":{"line":335,"column":38},"end":{"line":335,"column":39}},"loc":{"start":{"line":335,"column":43},"end":{"line":335,"column":55}},"line":335},"13":{"name":"(anonymous_13)","decl":{"start":{"line":336,"column":38},"end":{"line":336,"column":39}},"loc":{"start":{"line":336,"column":43},"end":{"line":336,"column":55}},"line":336},"14":{"name":"(anonymous_14)","decl":{"start":{"line":353,"column":34},"end":{"line":353,"column":35}},"loc":{"start":{"line":353,"column":39},"end":{"line":353,"column":51}},"line":353},"15":{"name":"(anonymous_15)","decl":{"start":{"line":354,"column":43},"end":{"line":354,"column":44}},"loc":{"start":{"line":354,"column":48},"end":{"line":354,"column":60}},"line":354},"16":{"name":"(anonymous_16)","decl":{"start":{"line":368,"column":42},"end":{"line":368,"column":43}},"loc":{"start":{"line":368,"column":62},"end":{"line":463,"column":1}},"line":368},"17":{"name":"(anonymous_17)","decl":{"start":{"line":466,"column":45},"end":{"line":466,"column":46}},"loc":{"start":{"line":466,"column":65},"end":{"line":491,"column":1}},"line":466},"18":{"name":"(anonymous_18)","decl":{"start":{"line":494,"column":49},"end":{"line":494,"column":50}},"loc":{"start":{"line":494,"column":69},"end":{"line":535,"column":1}},"line":494},"19":{"name":"(anonymous_19)","decl":{"start":{"line":511,"column":39},"end":{"line":511,"column":40}},"loc":{"start":{"line":511,"column":44},"end":{"line":511,"column":74}},"line":511},"20":{"name":"(anonymous_20)","decl":{"start":{"line":528,"column":42},"end":{"line":528,"column":43}},"loc":{"start":{"line":528,"column":48},"end":{"line":528,"column":109}},"line":528},"21":{"name":"(anonymous_21)","decl":{"start":{"line":538,"column":49},"end":{"line":538,"column":50}},"loc":{"start":{"line":538,"column":69},"end":{"line":548,"column":1}},"line":538},"22":{"name":"(anonymous_22)","decl":{"start":{"line":551,"column":50},"end":{"line":551,"column":51}},"loc":{"start":{"line":551,"column":70},"end":{"line":612,"column":1}},"line":551},"23":{"name":"(anonymous_23)","decl":{"start":{"line":615,"column":53},"end":{"line":615,"column":54}},"loc":{"start":{"line":615,"column":73},"end":{"line":624,"column":1}},"line":615},"24":{"name":"(anonymous_24)","decl":{"start":{"line":629,"column":57},"end":{"line":629,"column":58}},"loc":{"start":{"line":629,"column":77},"end":{"line":666,"column":1}},"line":629},"25":{"name":"(anonymous_25)","decl":{"start":{"line":669,"column":47},"end":{"line":669,"column":48}},"loc":{"start":{"line":669,"column":67},"end":{"line":688,"column":1}},"line":669},"26":{"name":"(anonymous_26)","decl":{"start":{"line":691,"column":62},"end":{"line":691,"column":63}},"loc":{"start":{"line":691,"column":82},"end":{"line":737,"column":1}},"line":691},"27":{"name":"(anonymous_27)","decl":{"start":{"line":740,"column":61},"end":{"line":740,"column":62}},"loc":{"start":{"line":740,"column":81},"end":{"line":755,"column":1}},"line":740},"28":{"name":"(anonymous_28)","decl":{"start":{"line":758,"column":59},"end":{"line":758,"column":60}},"loc":{"start":{"line":758,"column":79},"end":{"line":772,"column":1}},"line":758},"29":{"name":"decodePolyline","decl":{"start":{"line":774,"column":9},"end":{"line":774,"column":23}},"loc":{"start":{"line":774,"column":33},"end":{"line":802,"column":1}},"line":774}},"branchMap":{"0":{"loc":{"start":{"line":14,"column":8},"end":{"line":32,"column":9}},"type":"if","locations":[{"start":{"line":14,"column":8},"end":{"line":32,"column":9}},{"start":{"line":27,"column":15},"end":{"line":32,"column":9}}],"line":14},"1":{"loc":{"start":{"line":63,"column":13},"end":{"line":63,"column":57}},"type":"binary-expr","locations":[{"start":{"line":63,"column":13},"end":{"line":63,"column":34}},{"start":{"line":63,"column":38},"end":{"line":63,"column":57}}],"line":63},"2":{"loc":{"start":{"line":67,"column":13},"end":{"line":67,"column":86}},"type":"cond-expr","locations":[{"start":{"line":67,"column":39},"end":{"line":67,"column":58}},{"start":{"line":67,"column":61},"end":{"line":67,"column":86}}],"line":67},"3":{"loc":{"start":{"line":92,"column":6},"end":{"line":113,"column":7}},"type":"if","locations":[{"start":{"line":92,"column":6},"end":{"line":113,"column":7}},{"start":{},"end":{}}],"line":92},"4":{"loc":{"start":{"line":97,"column":8},"end":{"line":101,"column":9}},"type":"if","locations":[{"start":{"line":97,"column":8},"end":{"line":101,"column":9}},{"start":{"line":99,"column":15},"end":{"line":101,"column":9}}],"line":97},"5":{"loc":{"start":{"line":99,"column":15},"end":{"line":101,"column":9}},"type":"if","locations":[{"start":{"line":99,"column":15},"end":{"line":101,"column":9}},{"start":{},"end":{}}],"line":99},"6":{"loc":{"start":{"line":107,"column":8},"end":{"line":112,"column":9}},"type":"if","locations":[{"start":{"line":107,"column":8},"end":{"line":112,"column":9}},{"start":{},"end":{}}],"line":107},"7":{"loc":{"start":{"line":107,"column":12},"end":{"line":107,"column":48}},"type":"binary-expr","locations":[{"start":{"line":107,"column":12},"end":{"line":107,"column":18}},{"start":{"line":107,"column":22},"end":{"line":107,"column":48}}],"line":107},"8":{"loc":{"start":{"line":130,"column":8},"end":{"line":132,"column":9}},"type":"if","locations":[{"start":{"line":130,"column":8},"end":{"line":132,"column":9}},{"start":{},"end":{}}],"line":130},"9":{"loc":{"start":{"line":130,"column":12},"end":{"line":130,"column":46}},"type":"binary-expr","locations":[{"start":{"line":130,"column":12},"end":{"line":130,"column":18}},{"start":{"line":130,"column":22},"end":{"line":130,"column":33}},{"start":{"line":130,"column":37},"end":{"line":130,"column":46}}],"line":130},"10":{"loc":{"start":{"line":139,"column":8},"end":{"line":141,"column":9}},"type":"if","locations":[{"start":{"line":139,"column":8},"end":{"line":141,"column":9}},{"start":{},"end":{}}],"line":139},"11":{"loc":{"start":{"line":143,"column":8},"end":{"line":145,"column":9}},"type":"if","locations":[{"start":{"line":143,"column":8},"end":{"line":145,"column":9}},{"start":{},"end":{}}],"line":143},"12":{"loc":{"start":{"line":161,"column":8},"end":{"line":173,"column":9}},"type":"if","locations":[{"start":{"line":161,"column":8},"end":{"line":173,"column":9}},{"start":{},"end":{}}],"line":161},"13":{"loc":{"start":{"line":214,"column":8},"end":{"line":234,"column":9}},"type":"if","locations":[{"start":{"line":214,"column":8},"end":{"line":234,"column":9}},{"start":{"line":227,"column":15},"end":{"line":234,"column":9}}],"line":214},"14":{"loc":{"start":{"line":236,"column":8},"end":{"line":239,"column":9}},"type":"if","locations":[{"start":{"line":236,"column":8},"end":{"line":239,"column":9}},{"start":{},"end":{}}],"line":236},"15":{"loc":{"start":{"line":256,"column":8},"end":{"line":283,"column":9}},"type":"if","locations":[{"start":{"line":256,"column":8},"end":{"line":283,"column":9}},{"start":{"line":271,"column":15},"end":{"line":283,"column":9}}],"line":256},"16":{"loc":{"start":{"line":285,"column":8},"end":{"line":288,"column":9}},"type":"if","locations":[{"start":{"line":285,"column":8},"end":{"line":288,"column":9}},{"start":{},"end":{}}],"line":285},"17":{"loc":{"start":{"line":290,"column":51},"end":{"line":290,"column":75}},"type":"binary-expr","locations":[{"start":{"line":290,"column":51},"end":{"line":290,"column":70}},{"start":{"line":290,"column":74},"end":{"line":290,"column":75}}],"line":290},"18":{"loc":{"start":{"line":308,"column":8},"end":{"line":310,"column":9}},"type":"if","locations":[{"start":{"line":308,"column":8},"end":{"line":310,"column":9}},{"start":{},"end":{}}],"line":308},"19":{"loc":{"start":{"line":318,"column":12},"end":{"line":321,"column":13}},"type":"if","locations":[{"start":{"line":318,"column":12},"end":{"line":321,"column":13}},{"start":{},"end":{}}],"line":318},"20":{"loc":{"start":{"line":328,"column":8},"end":{"line":330,"column":9}},"type":"if","locations":[{"start":{"line":328,"column":8},"end":{"line":330,"column":9}},{"start":{},"end":{}}],"line":328},"21":{"loc":{"start":{"line":332,"column":8},"end":{"line":342,"column":9}},"type":"if","locations":[{"start":{"line":332,"column":8},"end":{"line":342,"column":9}},{"start":{},"end":{}}],"line":332},"22":{"loc":{"start":{"line":332,"column":12},"end":{"line":332,"column":46}},"type":"binary-expr","locations":[{"start":{"line":332,"column":12},"end":{"line":332,"column":25}},{"start":{"line":332,"column":29},"end":{"line":332,"column":46}}],"line":332},"23":{"loc":{"start":{"line":378,"column":8},"end":{"line":380,"column":9}},"type":"if","locations":[{"start":{"line":378,"column":8},"end":{"line":380,"column":9}},{"start":{},"end":{}}],"line":378},"24":{"loc":{"start":{"line":382,"column":8},"end":{"line":384,"column":9}},"type":"if","locations":[{"start":{"line":382,"column":8},"end":{"line":384,"column":9}},{"start":{},"end":{}}],"line":382},"25":{"loc":{"start":{"line":382,"column":12},"end":{"line":382,"column":69}},"type":"binary-expr","locations":[{"start":{"line":382,"column":12},"end":{"line":382,"column":37}},{"start":{"line":382,"column":41},"end":{"line":382,"column":69}}],"line":382},"26":{"loc":{"start":{"line":391,"column":8},"end":{"line":393,"column":9}},"type":"if","locations":[{"start":{"line":391,"column":8},"end":{"line":393,"column":9}},{"start":{},"end":{}}],"line":391},"27":{"loc":{"start":{"line":395,"column":8},"end":{"line":397,"column":9}},"type":"if","locations":[{"start":{"line":395,"column":8},"end":{"line":397,"column":9}},{"start":{},"end":{}}],"line":395},"28":{"loc":{"start":{"line":415,"column":8},"end":{"line":427,"column":9}},"type":"if","locations":[{"start":{"line":415,"column":8},"end":{"line":427,"column":9}},{"start":{},"end":{}}],"line":415},"29":{"loc":{"start":{"line":442,"column":12},"end":{"line":451,"column":13}},"type":"if","locations":[{"start":{"line":442,"column":12},"end":{"line":451,"column":13}},{"start":{},"end":{}}],"line":442},"30":{"loc":{"start":{"line":444,"column":16},"end":{"line":450,"column":17}},"type":"if","locations":[{"start":{"line":444,"column":16},"end":{"line":450,"column":17}},{"start":{},"end":{}}],"line":444},"31":{"loc":{"start":{"line":444,"column":20},"end":{"line":444,"column":64}},"type":"binary-expr","locations":[{"start":{"line":444,"column":20},"end":{"line":444,"column":41}},{"start":{"line":444,"column":45},"end":{"line":444,"column":64}}],"line":444},"32":{"loc":{"start":{"line":448,"column":31},"end":{"line":448,"column":102}},"type":"cond-expr","locations":[{"start":{"line":448,"column":55},"end":{"line":448,"column":74}},{"start":{"line":448,"column":77},"end":{"line":448,"column":102}}],"line":448},"33":{"loc":{"start":{"line":457,"column":30},"end":{"line":457,"column":83}},"type":"cond-expr","locations":[{"start":{"line":457,"column":60},"end":{"line":457,"column":76}},{"start":{"line":457,"column":79},"end":{"line":457,"column":83}}],"line":457},"34":{"loc":{"start":{"line":474,"column":8},"end":{"line":476,"column":9}},"type":"if","locations":[{"start":{"line":474,"column":8},"end":{"line":476,"column":9}},{"start":{},"end":{}}],"line":474},"35":{"loc":{"start":{"line":478,"column":8},"end":{"line":480,"column":9}},"type":"if","locations":[{"start":{"line":478,"column":8},"end":{"line":480,"column":9}},{"start":{},"end":{}}],"line":478},"36":{"loc":{"start":{"line":478,"column":12},"end":{"line":478,"column":69}},"type":"binary-expr","locations":[{"start":{"line":478,"column":12},"end":{"line":478,"column":37}},{"start":{"line":478,"column":41},"end":{"line":478,"column":69}}],"line":478},"37":{"loc":{"start":{"line":502,"column":8},"end":{"line":509,"column":9}},"type":"if","locations":[{"start":{"line":502,"column":8},"end":{"line":509,"column":9}},{"start":{},"end":{}}],"line":502},"38":{"loc":{"start":{"line":518,"column":8},"end":{"line":530,"column":9}},"type":"if","locations":[{"start":{"line":518,"column":8},"end":{"line":530,"column":9}},{"start":{"line":527,"column":15},"end":{"line":530,"column":9}}],"line":518},"39":{"loc":{"start":{"line":518,"column":12},"end":{"line":518,"column":84}},"type":"binary-expr","locations":[{"start":{"line":518,"column":12},"end":{"line":518,"column":25}},{"start":{"line":518,"column":29},"end":{"line":518,"column":49}},{"start":{"line":518,"column":53},"end":{"line":518,"column":84}}],"line":518},"40":{"loc":{"start":{"line":558,"column":8},"end":{"line":571,"column":9}},"type":"if","locations":[{"start":{"line":558,"column":8},"end":{"line":571,"column":9}},{"start":{},"end":{}}],"line":558},"41":{"loc":{"start":{"line":558,"column":12},"end":{"line":558,"column":48}},"type":"binary-expr","locations":[{"start":{"line":558,"column":12},"end":{"line":558,"column":19}},{"start":{"line":558,"column":24},"end":{"line":558,"column":33}},{"start":{"line":558,"column":37},"end":{"line":558,"column":47}}],"line":558},"42":{"loc":{"start":{"line":560,"column":12},"end":{"line":570,"column":13}},"type":"if","locations":[{"start":{"line":560,"column":12},"end":{"line":570,"column":13}},{"start":{"line":568,"column":19},"end":{"line":570,"column":13}}],"line":560},"43":{"loc":{"start":{"line":563,"column":16},"end":{"line":565,"column":17}},"type":"if","locations":[{"start":{"line":563,"column":16},"end":{"line":565,"column":17}},{"start":{},"end":{}}],"line":563},"44":{"loc":{"start":{"line":563,"column":20},"end":{"line":563,"column":59}},"type":"binary-expr","locations":[{"start":{"line":563,"column":20},"end":{"line":563,"column":31}},{"start":{"line":563,"column":35},"end":{"line":563,"column":59}}],"line":563},"45":{"loc":{"start":{"line":573,"column":8},"end":{"line":575,"column":9}},"type":"if","locations":[{"start":{"line":573,"column":8},"end":{"line":575,"column":9}},{"start":{},"end":{}}],"line":573},"46":{"loc":{"start":{"line":573,"column":12},"end":{"line":573,"column":35}},"type":"binary-expr","locations":[{"start":{"line":573,"column":12},"end":{"line":573,"column":21}},{"start":{"line":573,"column":25},"end":{"line":573,"column":35}}],"line":573},"47":{"loc":{"start":{"line":577,"column":29},"end":{"line":577,"column":56}},"type":"binary-expr","locations":[{"start":{"line":577,"column":29},"end":{"line":577,"column":39}},{"start":{"line":577,"column":43},"end":{"line":577,"column":56}}],"line":577},"48":{"loc":{"start":{"line":578,"column":27},"end":{"line":578,"column":40}},"type":"binary-expr","locations":[{"start":{"line":578,"column":27},"end":{"line":578,"column":34}},{"start":{"line":578,"column":38},"end":{"line":578,"column":40}}],"line":578},"49":{"loc":{"start":{"line":580,"column":8},"end":{"line":582,"column":9}},"type":"if","locations":[{"start":{"line":580,"column":8},"end":{"line":582,"column":9}},{"start":{},"end":{}}],"line":580},"50":{"loc":{"start":{"line":580,"column":12},"end":{"line":580,"column":59}},"type":"binary-expr","locations":[{"start":{"line":580,"column":12},"end":{"line":580,"column":24}},{"start":{"line":580,"column":28},"end":{"line":580,"column":59}}],"line":580},"51":{"loc":{"start":{"line":585,"column":8},"end":{"line":592,"column":9}},"type":"if","locations":[{"start":{"line":585,"column":8},"end":{"line":592,"column":9}},{"start":{},"end":{}}],"line":585},"52":{"loc":{"start":{"line":589,"column":8},"end":{"line":591,"column":9}},"type":"if","locations":[{"start":{"line":589,"column":8},"end":{"line":591,"column":9}},{"start":{},"end":{}}],"line":589},"53":{"loc":{"start":{"line":598,"column":21},"end":{"line":598,"column":41}},"type":"binary-expr","locations":[{"start":{"line":598,"column":21},"end":{"line":598,"column":33}},{"start":{"line":598,"column":37},"end":{"line":598,"column":41}}],"line":598},"54":{"loc":{"start":{"line":601,"column":25},"end":{"line":601,"column":41}},"type":"binary-expr","locations":[{"start":{"line":601,"column":25},"end":{"line":601,"column":36}},{"start":{"line":601,"column":40},"end":{"line":601,"column":41}}],"line":601},"55":{"loc":{"start":{"line":602,"column":20},"end":{"line":602,"column":52}},"type":"cond-expr","locations":[{"start":{"line":602,"column":29},"end":{"line":602,"column":45}},{"start":{"line":602,"column":48},"end":{"line":602,"column":52}}],"line":602},"56":{"loc":{"start":{"line":699,"column":8},"end":{"line":701,"column":9}},"type":"if","locations":[{"start":{"line":699,"column":8},"end":{"line":701,"column":9}},{"start":{},"end":{}}],"line":699},"57":{"loc":{"start":{"line":713,"column":8},"end":{"line":717,"column":9}},"type":"if","locations":[{"start":{"line":713,"column":8},"end":{"line":717,"column":9}},{"start":{},"end":{}}],"line":713},"58":{"loc":{"start":{"line":716,"column":24},"end":{"line":716,"column":68}},"type":"binary-expr","locations":[{"start":{"line":716,"column":24},"end":{"line":716,"column":43}},{"start":{"line":716,"column":47},"end":{"line":716,"column":68}}],"line":716},"59":{"loc":{"start":{"line":727,"column":30},"end":{"line":727,"column":57}},"type":"binary-expr","locations":[{"start":{"line":727,"column":30},"end":{"line":727,"column":52}},{"start":{"line":727,"column":56},"end":{"line":727,"column":57}}],"line":727},"60":{"loc":{"start":{"line":786,"column":20},"end":{"line":786,"column":65}},"type":"cond-expr","locations":[{"start":{"line":786,"column":35},"end":{"line":786,"column":49}},{"start":{"line":786,"column":53},"end":{"line":786,"column":64}}],"line":786},"61":{"loc":{"start":{"line":796,"column":20},"end":{"line":796,"column":65}},"type":"cond-expr","locations":[{"start":{"line":796,"column":35},"end":{"line":796,"column":49}},{"start":{"line":796,"column":53},"end":{"line":796,"column":64}}],"line":796}},"s":{"0":0,"1":0,"2":0,"3":0,"4":0,"5":0,"6":0,"7":0,"8":0,"9":0,"10":0,"11":0,"12":0,"13":0,"14":0,"15":0,"16":0,"17":0,"18":0,"19":0,"20":0,"21":0,"22":0,"23":0,"24":0,"25":0,"26":0,"27":0,"28":0,"29":0,"30":0,"31":0,"32":0,"33":0,"34":0,"35":0,"36":0,"37":0,"38":0,"39":0,"40":0,"41":0,"42":0,"43":0,"44":0,"45":0,"46":0,"47":0,"48":0,"49":0,"50":0,"51":0,"52":0,"53":0,"54":0,"55":0,"56":0,"57":0,"58":0,"59":0,"60":0,"61":0,"62":0,"63":0,"64":0,"65":0,"66":0,"67":0,"68":0,"69":0,"70":0,"71":0,"72":0,"73":0,"74":0,"75":0,"76":0,"77":0,"78":0,"79":0,"80":0,"81":0,"82":0,"83":0,"84":0,"85":0,"86":0,"87":0,"88":0,"89":0,"90":0,"91":0,"92":0,"93":0,"94":0,"95":0,"96":0,"97":0,"98":0,"99":0,"100":0,"101":0,"102":0,"103":0,"104":0,"105":0,"106":0,"107":0,"108":0,"109":0,"110":0,"111":0,"112":0,"113":0,"114":0,"115":0,"116":0,"117":0,"118":0,"119":0,"120":0,"121":0,"122":0,"123":0,"124":0,"125":0,"126":0,"127":0,"128":0,"129":0,"130":0,"131":0,"132":0,"133":0,"134":0,"135":0,"136":0,"137":0,"138":0,"139":0,"140":0,"141":0,"142":0,"143":0,"144":0,"145":0,"146":0,"147":0,"148":0,"149":0,"150":0,"151":0,"152":0,"153":0,"154":0,"155":0,"156":0,"157":0,"158":0,"159":0,"160":0,"161":0,"162":0,"163":0,"164":0,"165":0,"166":0,"167":0,"168":0,"169":0,"170":0,"171":0,"172":0,"173":0,"174":0,"175":0,"176":0,"177":0,"178":0,"179":0,"180":0,"181":0,"182":0,"183":0,"184":0,"185":0,"186":0,"187":0,"188":0,"189":0,"190":0,"191":0,"192":0,"193":0,"194":0,"195":0,"196":0,"197":0,"198":0,"199":0,"200":0,"201":0,"202":0,"203":0,"204":0,"205":0,"206":0,"207":0,"208":0,"209":0,"210":0,"211":0,"212":0,"213":0,"214":0,"215":0,"216":0,"217":0,"218":0,"219":0,"220":0,"221":0,"222":0,"223":0,"224":0,"225":0,"226":0,"227":0,"228":0,"229":0,"230":0,"231":0,"232":0,"233":0,"234":0,"235":0,"236":0,"237":0,"238":0,"239":0,"240":0,"241":0,"242":0,"243":0,"244":0,"245":0,"246":0,"247":0,"248":0,"249":0,"250":0,"251":0,"252":0,"253":0,"254":0,"255":0,"256":0,"257":0,"258":0,"259":0,"260":0,"261":0,"262":0,"263":0,"264":0,"265":0,"266":0,"267":0,"268":0,"269":0,"270":0,"271":0,"272":0,"273":0,"274":0,"275":0,"276":0,"277":0,"278":0,"279":0,"280":0,"281":0,"282":0,"283":0,"284":0,"285":0,"286":0,"287":0,"288":0,"289":0,"290":0,"291":0,"292":0,"293":0,"294":0,"295":0,"296":0,"297":0,"298":0,"299":0,"300":0,"301":0,"302":0,"303":0,"304":0,"305":0,"306":0,"307":0,"308":0,"309":0,"310":0,"311":0,"312":0,"313":0,"314":0,"315":0,"316":0,"317":0,"318":0,"319":0,"320":0,"321":0,"322":0,"323":0,"324":0,"325":0,"326":0,"327":0,"328":0,"329":0,"330":0,"331":0,"332":0},"f":{"0":0,"1":0,"2":0,"3":0,"4":0,"5":0,"6":0,"7":0,"8":0,"9":0,"10":0,"11":0,"12":0,"13":0,"14":0,"15":0,"16":0,"17":0,"18":0,"19":0,"20":0,"21":0,"22":0,"23":0,"24":0,"25":0,"26":0,"27":0,"28":0,"29":0},"b":{"0":[0,0],"1":[0,0],"2":[0,0],"3":[0,0],"4":[0,0],"5":[0,0],"6":[0,0],"7":[0,0],"8":[0,0],"9":[0,0,0],"10":[0,0],"11":[0,0],"12":[0,0],"13":[0,0],"14":[0,0],"15":[0,0],"16":[0,0],"17":[0,0],"18":[0,0],"19":[0,0],"20":[0,0],"21":[0,0],"22":[0,0],"23":[0,0],"24":[0,0],"25":[0,0],"26":[0,0],"27":[0,0],"28":[0,0],"29":[0,0],"30":[0,0],"31":[0,0],"32":[0,0],"33":[0,0],"34":[0,0],"35":[0,0],"36":[0,0],"37":[0,0],"38":[0,0],"39":[0,0,0],"40":[0,0],"41":[0,0,0],"42":[0,0],"43":[0,0],"44":[0,0],"45":[0,0],"46":[0,0],"47":[0,0],"48":[0,0],"49":[0,0],"50":[0,0],"51":[0,0],"52":[0,0],"53":[0,0],"54":[0,0],"55":[0,0],"56":[0,0],"57":[0,0],"58":[0,0],"59":[0,0],"60":[0,0],"61":[0,0]}}
,"D:\\Третий курс\\6sem\\Курсовой проект\\Server\\routes\\users.js": {"path":"D:\\Третий курс\\6sem\\Курсовой проект\\Server\\routes\\users.js","statementMap":{"0":{"start":{"line":1,"column":16},"end":{"line":1,"column":34}},"1":{"start":{"line":2,"column":15},"end":{"line":2,"column":44}},"2":{"start":{"line":3,"column":30},"end":{"line":3,"column":59}},"3":{"start":{"line":4,"column":23},"end":{"line":4,"column":57}},"4":{"start":{"line":6,"column":15},"end":{"line":6,"column":31}},"5":{"start":{"line":9,"column":0},"end":{"line":39,"column":3}},"6":{"start":{"line":10,"column":4},"end":{"line":38,"column":5}},"7":{"start":{"line":11,"column":22},"end":{"line":23,"column":10}},"8":{"start":{"line":25,"column":31},"end":{"line":32,"column":11}},"9":{"start":{"line":25,"column":50},"end":{"line":32,"column":9}},"10":{"start":{"line":34,"column":8},"end":{"line":34,"column":33}},"11":{"start":{"line":36,"column":8},"end":{"line":36,"column":52}},"12":{"start":{"line":37,"column":8},"end":{"line":37,"column":53}},"13":{"start":{"line":42,"column":0},"end":{"line":102,"column":3}},"14":{"start":{"line":43,"column":4},"end":{"line":101,"column":5}},"15":{"start":{"line":44,"column":23},"end":{"line":44,"column":46}},"16":{"start":{"line":46,"column":8},"end":{"line":48,"column":9}},"17":{"start":{"line":47,"column":12},"end":{"line":47,"column":68}},"18":{"start":{"line":50,"column":21},"end":{"line":75,"column":10}},"19":{"start":{"line":77,"column":8},"end":{"line":79,"column":9}},"20":{"start":{"line":78,"column":12},"end":{"line":78,"column":69}},"21":{"start":{"line":81,"column":30},"end":{"line":95,"column":9}},"22":{"start":{"line":88,"column":50},"end":{"line":94,"column":13}},"23":{"start":{"line":97,"column":8},"end":{"line":97,"column":32}},"24":{"start":{"line":99,"column":8},"end":{"line":99,"column":51}},"25":{"start":{"line":100,"column":8},"end":{"line":100,"column":53}},"26":{"start":{"line":105,"column":0},"end":{"line":177,"column":3}},"27":{"start":{"line":106,"column":4},"end":{"line":176,"column":5}},"28":{"start":{"line":107,"column":23},"end":{"line":107,"column":46}},"29":{"start":{"line":108,"column":42},"end":{"line":108,"column":50}},"30":{"start":{"line":111,"column":8},"end":{"line":113,"column":9}},"31":{"start":{"line":112,"column":12},"end":{"line":112,"column":70}},"32":{"start":{"line":116,"column":8},"end":{"line":118,"column":9}},"33":{"start":{"line":117,"column":12},"end":{"line":117,"column":99}},"34":{"start":{"line":121,"column":8},"end":{"line":131,"column":9}},"35":{"start":{"line":122,"column":33},"end":{"line":127,"column":14}},"36":{"start":{"line":128,"column":12},"end":{"line":130,"column":13}},"37":{"start":{"line":129,"column":16},"end":{"line":129,"column":101}},"38":{"start":{"line":134,"column":8},"end":{"line":144,"column":9}},"39":{"start":{"line":135,"column":33},"end":{"line":140,"column":14}},"40":{"start":{"line":141,"column":12},"end":{"line":143,"column":13}},"41":{"start":{"line":142,"column":16},"end":{"line":142,"column":100}},"42":{"start":{"line":147,"column":27},"end":{"line":147,"column":29}},"43":{"start":{"line":148,"column":8},"end":{"line":148,"column":41}},"44":{"start":{"line":148,"column":18},"end":{"line":148,"column":41}},"45":{"start":{"line":149,"column":8},"end":{"line":149,"column":53}},"46":{"start":{"line":149,"column":22},"end":{"line":149,"column":53}},"47":{"start":{"line":150,"column":8},"end":{"line":150,"column":44}},"48":{"start":{"line":150,"column":19},"end":{"line":150,"column":44}},"49":{"start":{"line":152,"column":28},"end":{"line":162,"column":10}},"50":{"start":{"line":164,"column":22},"end":{"line":164,"column":45}},"51":{"start":{"line":165,"column":8},"end":{"line":165,"column":58}},"52":{"start":{"line":165,"column":18},"end":{"line":165,"column":58}},"53":{"start":{"line":166,"column":8},"end":{"line":166,"column":61}},"54":{"start":{"line":166,"column":22},"end":{"line":166,"column":61}},"55":{"start":{"line":167,"column":8},"end":{"line":167,"column":59}},"56":{"start":{"line":167,"column":19},"end":{"line":167,"column":59}},"57":{"start":{"line":169,"column":8},"end":{"line":172,"column":11}},"58":{"start":{"line":174,"column":8},"end":{"line":174,"column":51}},"59":{"start":{"line":175,"column":8},"end":{"line":175,"column":53}},"60":{"start":{"line":180,"column":0},"end":{"line":201,"column":3}},"61":{"start":{"line":181,"column":4},"end":{"line":200,"column":5}},"62":{"start":{"line":182,"column":23},"end":{"line":182,"column":46}},"63":{"start":{"line":184,"column":8},"end":{"line":186,"column":9}},"64":{"start":{"line":185,"column":12},"end":{"line":185,"column":94}},"65":{"start":{"line":188,"column":8},"end":{"line":190,"column":11}},"66":{"start":{"line":192,"column":8},"end":{"line":192,"column":61}},"67":{"start":{"line":194,"column":8},"end":{"line":194,"column":51}},"68":{"start":{"line":195,"column":8},"end":{"line":199,"column":9}},"69":{"start":{"line":196,"column":12},"end":{"line":196,"column":70}},"70":{"start":{"line":198,"column":12},"end":{"line":198,"column":57}},"71":{"start":{"line":205,"column":0},"end":{"line":205,"column":24}}},"fnMap":{"0":{"name":"(anonymous_0)","decl":{"start":{"line":9,"column":56},"end":{"line":9,"column":57}},"loc":{"start":{"line":9,"column":76},"end":{"line":39,"column":1}},"line":9},"1":{"name":"(anonymous_1)","decl":{"start":{"line":25,"column":41},"end":{"line":25,"column":42}},"loc":{"start":{"line":25,"column":50},"end":{"line":32,"column":9}},"line":25},"2":{"name":"(anonymous_2)","decl":{"start":{"line":42,"column":38},"end":{"line":42,"column":39}},"loc":{"start":{"line":42,"column":58},"end":{"line":102,"column":1}},"line":42},"3":{"name":"(anonymous_3)","decl":{"start":{"line":88,"column":41},"end":{"line":88,"column":42}},"loc":{"start":{"line":88,"column":50},"end":{"line":94,"column":13}},"line":88},"4":{"name":"(anonymous_4)","decl":{"start":{"line":105,"column":38},"end":{"line":105,"column":39}},"loc":{"start":{"line":105,"column":58},"end":{"line":177,"column":1}},"line":105},"5":{"name":"(anonymous_5)","decl":{"start":{"line":180,"column":62},"end":{"line":180,"column":63}},"loc":{"start":{"line":180,"column":82},"end":{"line":201,"column":1}},"line":180}},"branchMap":{"0":{"loc":{"start":{"line":46,"column":8},"end":{"line":48,"column":9}},"type":"if","locations":[{"start":{"line":46,"column":8},"end":{"line":48,"column":9}},{"start":{},"end":{}}],"line":46},"1":{"loc":{"start":{"line":46,"column":12},"end":{"line":46,"column":63}},"type":"binary-expr","locations":[{"start":{"line":46,"column":12},"end":{"line":46,"column":37}},{"start":{"line":46,"column":41},"end":{"line":46,"column":63}}],"line":46},"2":{"loc":{"start":{"line":77,"column":8},"end":{"line":79,"column":9}},"type":"if","locations":[{"start":{"line":77,"column":8},"end":{"line":79,"column":9}},{"start":{},"end":{}}],"line":77},"3":{"loc":{"start":{"line":111,"column":8},"end":{"line":113,"column":9}},"type":"if","locations":[{"start":{"line":111,"column":8},"end":{"line":113,"column":9}},{"start":{},"end":{}}],"line":111},"4":{"loc":{"start":{"line":116,"column":8},"end":{"line":118,"column":9}},"type":"if","locations":[{"start":{"line":116,"column":8},"end":{"line":118,"column":9}},{"start":{},"end":{}}],"line":116},"5":{"loc":{"start":{"line":116,"column":12},"end":{"line":116,"column":52}},"type":"binary-expr","locations":[{"start":{"line":116,"column":12},"end":{"line":116,"column":24}},{"start":{"line":116,"column":28},"end":{"line":116,"column":32}},{"start":{"line":116,"column":36},"end":{"line":116,"column":52}}],"line":116},"6":{"loc":{"start":{"line":121,"column":8},"end":{"line":131,"column":9}},"type":"if","locations":[{"start":{"line":121,"column":8},"end":{"line":131,"column":9}},{"start":{},"end":{}}],"line":121},"7":{"loc":{"start":{"line":128,"column":12},"end":{"line":130,"column":13}},"type":"if","locations":[{"start":{"line":128,"column":12},"end":{"line":130,"column":13}},{"start":{},"end":{}}],"line":128},"8":{"loc":{"start":{"line":134,"column":8},"end":{"line":144,"column":9}},"type":"if","locations":[{"start":{"line":134,"column":8},"end":{"line":144,"column":9}},{"start":{},"end":{
[...]
column":5}},"72":{"start":{"line":186,"column":23},"end":{"line":186,"column":46}},"73":{"start":{"line":188,"column":4},"end":{"line":188,"column":31}},"74":{"start":{"line":192,"column":18},"end":{"line":198,"column":5}},"75":{"start":{"line":199,"column":4},"end":{"line":199,"column":31}},"76":{"start":{"line":203,"column":14},"end":{"line":203,"column":18}},"77":{"start":{"line":204,"column":17},"end":{"line":204,"column":46}},"78":{"start":{"line":205,"column":17},"end":{"line":205,"column":46}},"79":{"start":{"line":206,"column":14},"end":{"line":208,"column":49}},"80":{"start":{"line":209,"column":14},"end":{"line":209,"column":41}},"81":{"start":{"line":210,"column":4},"end":{"line":210,"column":17}},"82":{"start":{"line":213,"column":0},"end":{"line":218,"column":2}}},"fnMap":{"0":{"name":"getRoute","decl":{"start":{"line":3,"column":15},"end":{"line":3,"column":23}},"loc":{"start":{"line":3,"column":78},"end":{"line":58,"column":1}},"line":3},"1":{"name":"(anonymous_1)","decl":{"start":{"line":44,"column":41},"end":{"line":44,"column":42}},"loc":{"start":{"line":44,"column":50},"end":{"line":48,"column":21}},"line":44},"2":{"name":"checkFlightAvailability","decl":{"start":{"line":60,"column":15},"end":{"line":60,"column":38}},"loc":{"start":{"line":60,"column":75},"end":{"line":88,"column":1}},"line":60},"3":{"name":"checkFerryAvailability","decl":{"start":{"line":90,"column":15},"end":{"line":90,"column":37}},"loc":{"start":{"line":90,"column":74},"end":{"line":117,"column":1}},"line":90},"4":{"name":"getMultiModalRoute","decl":{"start":{"line":119,"column":15},"end":{"line":119,"column":33}},"loc":{"start":{"line":119,"column":70},"end":{"line":144,"column":1}},"line":119},"5":{"name":"(anonymous_5)","decl":{"start":{"line":141,"column":17},"end":{"line":141,"column":18}},"loc":{"start":{"line":141,"column":27},"end":{"line":141,"column":50}},"line":141},"6":{"name":"isNearWater","decl":{"start":{"line":146,"column":15},"end":{"line":146,"column":26}},"loc":{"start":{"line":146,"column":37},"end":{"line":172,"column":1}},"line":146},"7":{"name":"getNearestAirports","decl":{"start":{"line":174,"column":15},"end":{"line":174,"column":33}},"loc":{"start":{"line":174,"column":44},"end":{"line":189,"column":1}},"line":174},"8":{"name":"(anonymous_8)","decl":{"start":{"line":183,"column":33},"end":{"line":183,"column":34}},"loc":{"start":{"line":183,"column":45},"end":{"line":186,"column":5}},"line":183},"9":{"name":"(anonymous_9)","decl":{"start":{"line":186,"column":13},"end":{"line":186,"column":14}},"loc":{"start":{"line":186,"column":23},"end":{"line":186,"column":46}},"line":186},"10":{"name":"getModeName","decl":{"start":{"line":191,"column":9},"end":{"line":191,"column":20}},"loc":{"start":{"line":191,"column":27},"end":{"line":200,"column":1}},"line":191},"11":{"name":"calculateDistance","decl":{"start":{"line":202,"column":9},"end":{"line":202,"column":26}},"loc":{"start":{"line":202,"column":51},"end":{"line":211,"column":1}},"line":202}},"branchMap":{"0":{"loc":{"start":{"line":3,"column":60},"end":{"line":3,"column":76}},"type":"default-arg","locations":[{"start":{"line":3,"column":67},"end":{"line":3,"column":76}}],"line":3},"1":{"loc":{"start":{"line":6,"column":8},"end":{"line":18,"column":9}},"type":"switch","locations":[{"start":{"line":7,"column":12},"end":{"line":9,"column":22}},{"start":{"line":10,"column":12},"end":{"line":12,"column":22}},{"start":{"line":13,"column":12},"end":{"line":15,"column":22}},{"start":{"line":16,"column":12},"end":{"line":17,"column":36}}],"line":6},"2":{"loc":{"start":{"line":20,"column":8},"end":{"line":51,"column":9}},"type":"if","locations":[{"start":{"line":20,"column":8},"end":{"line":51,"column":9}},{"start":{},"end":{}}],"line":20},"3":{"loc":{"start":{"line":20,"column":12},"end":{"line":20,"column":74}},"type":"binary-expr","locations":[{"start":{"line":20,"column":12},"end":{"line":20,"column":30}},{"start":{"line":20,"column":34},"end":{"line":20,"column":52}},{"start":{"line":20,"column":56},"end":{"line":20,"column":74}}],"line":20},"4":{"loc":{"start":{"line":32,"column":12},"end":{"line":50,"column":13}},"type":"if","locations":[{"start":{"line":32,"column":12},"end":{"line":50,"column":13}},{"start":{},"end":{}}],"line":32},"5":{"loc":{"start":{"line":32,"column":16},"end":{"line":32,"column":88}},"type":"binary-expr","locations":[{"start":{"line":32,"column":16},"end":{"line":32,"column":29}},{"start":{"line":32,"column":33},"end":{"line":32,"column":53}},{"start":{"line":32,"column":57},"end":{"line":32,"column":88}}],"line":32},"6":{"loc":{"start":{"line":65,"column":8},"end":{"line":65,"column":41}},"type":"if","locations":[{"start":{"line":65,"column":8},"end":{"line":65,"column":41}},{"start":{},"end":{}}],"line":65},"7":{"loc":{"start":{"line":69,"column":8},"end":{"line":82,"column":9}},"type":"if","locations":[{"start":{"line":69,"column":8},"end":{"line":82,"column":9}},{"start":{},"end":{}}],"line":69},"8":{"loc":{"start":{"line":95,"column":8},"end":{"line":111,"column":9}},"type":"if","locations":[{"start":{"line":95,"column":8},"end":{"line":111,"column":9}},{"start":{},"end":{}}],"line":95},"9":{"loc":{"start":{"line":95,"column":12},"end":{"line":95,"column":46}},"type":"binary-expr","locations":[{"start":{"line":95,"column":12},"end":{"line":95,"column":28}},{"start":{"line":95,"column":32},"end":{"line":95,"column":46}}],"line":95},"10":{"loc":{"start":{"line":98,"column":12},"end":{"line":110,"column":13}},"type":"if","locations":[{"start":{"line":98,"column":12},"end":{"line":110,"column":13}},{"start":{},"end":{}}],"line":98},"11":{"loc":{"start":{"line":126,"column":8},"end":{"line":128,"column":9}},"type":"if","locations":[{"start":{"line":126,"column":8},"end":{"line":128,"column":9}},{"start":{},"end":{}}],"line":126},"12":{"loc":{"start":{"line":132,"column":4},"end":{"line":134,"column":5}},"type":"if","locations":[{"start":{"line":132,"column":4},"end":{"line":134,"column":5}},{"start":{},"end":{}}],"line":132},"13":{"loc":{"start":{"line":137,"column":4},"end":{"line":139,"column":5}},"type":"if","locations":[{"start":{"line":137,"column":4},"end":{"line":139,"column":5}},{"start":{},"end":{}}],"line":137},"14":{"loc":{"start":{"line":160,"column":8},"end":{"line":167,"column":9}},"type":"if","locations":[{"start":{"line":160,"column":8},"end":{"line":167,"column":9}},{"start":{},"end":{}}],"line":160},"15":{"loc":{"start":{"line":160,"column":12},"end":{"line":160,"column":50}},"type":"binary-expr","locations":[{"start":{"line":160,"column":12},"end":{"line":160,"column":25}},{"start":{"line":160,"column":29},"end":{"line":160,"column":50}}],"line":160},"16":{"loc":{"start":{"line":163,"column":16},"end":{"line":165,"column":17}},"type":"if","locations":[{"start":{"line":163,"column":16},"end":{"line":165,"column":17}},{"start":{},"end":{}}],"line":163},"17":{"loc":{"start":{"line":199,"column":11},"end":{"line":199,"column":30}},"type":"binary-expr","locations":[{"start":{"line":199,"column":11},"end":{"line":199,"column":22}},{"start":{"line":199,"column":26},"end":{"line":199,"column":30}}],"line":199}},"s":{"0":0,"1":0,"2":0,"3":0,"4":0,"5":0,"6":0,"7":0,"8":0,"9":0,"10":0,"11":0,"12":0,"13":0,"14":0,"15":0,"16":0,"17":0,"18":0,"19":0,"20":0,"21":0,"22":0,"23":0,"24":0,"25":0,"26":0,"27":0,"28":0,"29":0,"30":0,"31":0,"32":0,"33":0,"34":0,"35":0,"36":0,"37":0,"38":0,"39":0,"40":0,"41":0,"42":0,"43":0,"44":0,"45":0,"46":0,"47":0,"48":0,"49":0,"50":0,"51":0,"52":0,"53":0,"54":0,"55":0,"56":0,"57":0,"58":0,"59":0,"60":0,"61":0,"62":0,"63":0,"64":0,"65":0,"66":0,"67":0,"68":0,"69":0,"70":0,"71":0,"72":0,"73":0,"74":0,"75":0,"76":0,"77":0,"78":0,"79":0,"80":0,"81":0,"82":0},"f":{"0":0,"1":0,"2":0,"3":0,"4":0,"5":0,"6":0,"7":0,"8":0,"9":0,"10":0,"11":0},"b":{"0":[0],"1":[0,0,0,0],"2":[0,0],"3":[0,0,0],"4":[0,0],"5":[0,0,0],"6":[0,0],"7":[0,0],"8":[0,0],"9":[0,0],"10":[0,0],"11":[0,0],"12":[0,0],"13":[0,0],"14":[0,0],"15":[0,0],"16":[0,0],"17":[0,0]}}
,"D:\\Третий курс\\6sem\\Курсовой проект\\Server\\services\\tripValidator.js": {"path":"D:\\Третий курс\\6sem\\Курсовой проект\\Server\\services\\tripValidator.js","statementMap":{"0":{"start":{"line":1,"column":14},"end":{"line":1,"column":30}},"1":{"start":{"line":2,"column":15},"end":{"line":2,"column":44}},"2":{"start":{"line":4,"column":15},"end":{"line":11,"column":1}},"3":{"start":{"line":16,"column":18},"end":{"line":16,"column":22}},"4":{"start":{"line":17,"column":21},"end":{"line":17,"column":50}},"5":{"start":{"line":18,"column":21},"end":{"line":18,"column":50}},"6":{"start":{"line":19,"column":18},"end":{"line":21,"column":53}},"7":{"start":{"line":22,"column":18},"end":{"line":22,"column":45}},"8":{"start":{"line":23,"column":8},"end":{"line":23,"column":21}},"9":{"start":{"line":27,"column":8},"end":{"line":46,"column":9}},"10":{"start":{"line":28,"column":24},"end":{"line":28,"column":118}},"11":{"start":{"line":29,"column":29},"end":{"line":32,"column":14}},"12":{"start":{"line":34,"column":12},"end":{"line":41,"column":13}},"13":{"start":{"line":35,"column":30},"end":{"line":35,"column":53}},"14":{"start":{"line":36,"column":16},"end":{"line":40,"column":18}},"15":{"start":{"line":42,"column":12},"end":{"line":42,"column":24}},"16":{"start":{"line":44,"column":12},"end":{"line":44,"column":56}},"17":{"start":{"line":45,"column":12},"end":{"line":45,"column":24}},"18":{"start":{"line":50,"column":8},"end":{"line":220,"column":9}},"19":{"start":{"line":51,"column":25},"end":{"line":54,"column":14}},"20":{"start":{"line":56,"column":12},"end":{"line":56,"column":61}},"21":{"start":{"line":56,"column":23},"end":{"line":56,"column":61}},"22":{"start":{"line":57,"column":12},"end":{"line":59,"column":13}},"23":{"start":{"line":58,"column":16},"end":{"line":58,"column":112}},"24":{"start":{"line":62,"column":12},"end":{"line":62,"column":81}},"25":{"start":{"line":64,"column":29},"end":{"line":64,"column":31}},"26":{"start":{"line":65,"column":33},"end":{"line":65,"column":35}},"27":{"start":{"line":66,"column":26},"end":{"line":66,"column":30}},"28":{"start":{"line":69,"column":38},"end":{"line":69,"column":42}},"29":{"start":{"line":70,"column":12},"end":{"line":75,"column":13}},"30":{"start":{"line":71,"column":30},"end":{"line":71,"column":55}},"31":{"start":{"line":72,"column":28},"end":{"line":72,"column":51}},"32":{"start":{"line":73,"column":34},"end":{"line":73,"column":86}},"33":{"start":{"line":74,"column":16},"end":{"line":74,"column":53}},"34":{"start":{"line":77,"column":34},"end":{"line":77,"column":35}},"35":{"start":{"line":79,"column":12},"end":{"line":195,"column":13}},"36":{"start":{"line":79,"column":25},"end":{"line":79,"column":26}},"37":{"start":{"line":80,"column":34},"end":{"line":80,"column":48}},"38":{"start":{"line":81,"column":32},"end":{"line":81,"column":50}},"39":{"start":{"line":83,"column":35},"end":{"line":83,"column":112}},"40":{"start":{"line":84,"column":33},"end":{"line":84,"column":106}},"41":{"start":{"line":86,"column":41},"end":{"line":86,"column":123}},"42":{"start":{"line":87,"column":34},"end":{"line":87,"column":79}},"43":{"start":{"line":90,"column":33},"end":{"line":90,"column":42}},"44":{"start":{"line":91,"column":33},"end":{"line":91,"column":91}},"45":{"start":{"line":93,"column":16},"end":{"line":99,"column":17}},"46":{"start":{"line":94,"column":20},"end":{"line":94,"column":42}},"47":{"start":{"line":95,"column":20},"end":{"line":95,"column":70}},"48":{"start":{"line":96,"column":23},"end":{"line":99,"column":17}},"49":{"start":{"line":97,"column":20},"end":{"line":97,"column":41}},"50":{"start":{"line":98,"column":20},"end":{"line":98,"column":65}},"51":{"start":{"line":101,"column":16},"end":{"line":101,"column":46}},"52":{"start":{"line":104,"column":36},"end":{"line":104,"column":54}},"53":{"start":{"line":105,"column":49},"end":{"line":105,"column":117}},"54":{"start":{"line":107,"column":40},"end":{"line":107,"column":44}},"55":{"start":{"line":108,"column":40},"end":{"line":108,"column":42}},"56":{"start":{"line":111,"column":16},"end":{"line":130,"column":17}},"57":{"start":{"line":112,"column":20},"end":{"line":112,"column":46}},"58":{"start":{"line":113,"column":20},"end":{"line":113,"column":36}},"59":{"start":{"line":114,"column":40},"end":{"line":114,"column":77}},"60":{"start":{"line":115,"column":20},"end":{"line":121,"column":23}},"61":{"start":{"line":122,"column":23},"end":{"line":130,"column":17}},"62":{"start":{"line":123,"column":20},"end":{"line":129,"column":23}},"63":{"start":{"line":133,"column":16},"end":{"line":141,"column":17}},"64":{"start":{"line":134,"column":20},"end":{"line":140,"column":23}},"65":{"start":{"line":144,"column":16},"end":{"line":156,"column":17}},"66":{"start":{"line":145,"column":34},"end":{"line":154,"column":22}},"67":{"start":{"line":155,"column":20},"end":{"line":155,"column":45}},"68":{"start":{"line":159,"column":32},"end":{"line":184,"column":18}},"69":{"start":{"line":172,"column":66},"end":{"line":172,"column":75}},"70":{"start":{"line":182,"column":66},"end":{"line":182,"column":75}},"71":{"start":{"line":186,"column":16},"end":{"line":194,"column":19}},"72":{"start":{"line":198,"column":32},"end":{"line":198,"column":50}},"73":{"start":{"line":199,"column":12},"end":{"line":203,"column":13}},"74":{"start":{"line":200,"column":16},"end":{"line":200,"column":98}},"75":{"start":{"line":201,"column":19},"end":{"line":203,"column":13}},"76":{"start":{"line":202,"column":16},"end":{"line":202,"column":103}},"77":{"start":{"line":205,"column":12},"end":{"line":216,"column":14}},"78":{"start":{"line":211,"column":63},"end":{"line":211,"column":91}},"79":{"start":{"line":214,"column":61},"end":{"line":214,"column":83}},"80":{"start":{"line":218,"column":12},"end":{"line":218,"column":54}},"81":{"start":{"line":219,"column":12},"end":{"line":219,"column":24}},"82":{"start":{"line":224,"column":0},"end":{"line":224,"column":31}}},"fnMap":{"0":{"name":"(anonymous_0)","decl":{"start":{"line":15,"column":4},"end":{"line":15,"column":5}},"loc":{"start":{"line":15,"column":53},"end":{"line":24,"column":5}},"line":15},"1":{"name":"(anonymous_1)","decl":{"start":{"line":26,"column":4},"end":{"line":26,"column":5}},"loc":{"start":{"line":26,"column":40},"end":{"line":47,"column":5}},"line":26},"2":{"name":"(anonymous_2)","decl":{"start":{"line":49,"column":4},"end":{"line":49,"column":5}},"loc":{"start":{"line":49,"column":51},"end":{"line":221,"column":5}},"line":49},"3":{"name":"(anonymous_3)","decl":{"start":{"line":172,"column":61},"end":{"line":172,"column":62}},"loc":{"start":{"line":172,"column":66},"end":{"line":172,"column":75}},"line":172},"4":{"name":"(anonymous_4)","decl":{"start":{"line":182,"column":61},"end":{"line":182,"column":62}},"loc":{"start":{"line":182,"column":66},"end":{"line":182,"column":75}},"line":182},"5":{"name":"(anonymous_5)","decl":{"start":{"line":211,"column":51},"end":{"line":211,"column":52}},"loc":{"start":{"line":211,"column":63},"end":{"line":211,"column":91}},"line":211},"6":{"name":"(anonymous_6)","decl":{"start":{"line":214,"column":56},"end":{"line":214,"column":57}},"loc":{"start":{"line":214,"column":61},"end":{"line":214,"column":83}},"line":214}},"branchMap":{"0":{"loc":{"start":{"line":34,"column":12},"end":{"line":41,"column":13}},"type":"if","locations":[{"start":{"line":34,"column":12},"end":{"line":41,"column":13}},{"start":{},"end":{}}],"line":34},"1":{"loc":{"start":{"line":56,"column":12},"end":{"line":56,"column":61}},"type":"if","locations":[{"start":{"line":56,"column":12},"end":{"line":56,"column":61}},{"start":{},"end":{}}],"line":56},"2":{"loc":{"start":{"line":57,"column":12},"end":{"line":59,"column":13}},"type":"if","locations":[{"start":{"line":57,"column":12},"end":{"line":59,"column":13}},{"start":{},"end":{}}],"line":57},"3":{"loc":{"start":{"line":70,"column":12},"end":{"line":75,"column":13}},"type":"if","locations":[{"start":{"line":70,"column":12},"end":{"line":75,"column":13}},{"start":{},"end":{}}],"line":70},"4":{"loc":{"start":{"line":70,"column":16},"end":{"line":70,"column":48}},"type":"binary-expr","locations":[{"start":{"line":70,"column":16},"end":{"line":70,"column":31}},{"start":{"line":70,"column":35},"end":{"line":70,"column":48}}],"line":70},"5":{"loc":{"start":{"line":91,"column":33},"end":{"line":91,"column":91}},"type":"binary-expr","locations":[{"start":{"line":91,"column":33},"end":{"line":91,"column":52}},{"start":{"line":91,"column":57},"end":{"line":91,"column":90}}],"line":91},"6":{"loc":{"start":{"line":93,"column":16},"end":{"line":99,"column":17}},"type":"if","locations":[{"start":{"line":93,"column":16},"end":{"line":99,"column":17}},{"start":{"line":96,"column":23},"end":{"line":99,"column":17}}],"line":93},"7":{"loc":{"start":{"line":96,"column":23},"end":{"line":99,"column":17}},"type":"if","locations":[{"start":{"line":96,"column":23},"end":{"line":99,"column":17}},{"start":{},"end":{}}],"line":96},"8":{"loc":{"start":{"line":105,"column":49},"end":{"line":105,"column":117}},"type":"cond-expr","locations":[{"start":{"line":105,"column":71},"end":{"line":105,"column":110}},{"start":{"line":105,"column":113},"end":{"line":105,"column":117}}],"line":105},"9":{"loc":{"start":{"line":111,"column":16},"end":{"line":130,"column":17}},"type":"if","locations":[{"start":{"line":111,"column":16},"end":{"line":130,"column":17}},{"start":{"line":122,"column":23},"end":{"line":130,"column":17}}],"line":111},"10":{"loc":{"start":{"line":111,"column":20},"end":{"line":111,"column":85}},"type":"binary-expr","locations":[{"start":{"line":111,"column":20},"end":{"line":111,"column":44}},{"start":{"line":111,"column":48},"end":{"line":111,"column":85}}],"line":111},"11":{"loc":{"start":{"line":122,"column":23},"end":{"line":130,"column":17}},"type":"if","locations":[{"start":{"line":122,"column":23},"end":{"line":130,"column":17}},{"start":{},"end":{}}],"line":122},"12":{"loc":{"start":{"line":122,"column":27},"end":{"line":122,"column":98}},"type":"binary-expr","locations":[{"start":{"line":122,"column":27},"end":{"line":122,"column":51}},{"start":{"line":122,"column":55},"end":{"line":122,"column":98}}],"line":122},"13":{"loc":{"start":{"line":133,"column":16},"end":{"line":141,"column":17}},"type":"if","locations":[{"start":{"line":133,"column":16},"end":{"line":141,"column":17}},{"start":{},"end":{}}],"line":133},"14":{"loc":{"start":{"line":199,"column":12},"end":{"line":203,"column":13}},"type":"if","locations":[{"start":{"line":199,"column":12},"end":{"line":203,"column":13}},{"start":{"line":201,"column":19},"end":{"line":203,"column":13}}],"line":199},"15":{"loc":{"start":{"line":201,"column":19},"end":{"line":203,"column":13}},"type":"if","locations":[{"start":{"line":201,"column":19},"end":{"line":203,"column":13}},{"start":{},"end":{}}],"line":201},"16":{"loc":{"start":{"line":201,"column":23},"end":{"line":201,"column":112}},"type":"binary-expr","locations":[{"start":{"line":201,"column":23},"end":{"line":201,"column":42}},{"start":{"line":201,"column":46},"end":{"line":201,"column":65}},{"start":{"line":201,"column":69},"end":{"line":201,"column":112}}],"line":201}},"s":{"0":0,"1":0,"2":0,"3":0,"4":0,"5":0,"6":0,"7":0,"8":0,"9":0,"10":0,"11":0,"12":0,"13":0,"14":0,"15":0,"16":0,"17":0,"18":0,"19":0,"20":0,"21":0,"22":0,"23":0,"24":0,"25":0,"26":0,"27":0,"28":0,"29":0,"30":0,"31":0,"32":0,"33":0,"34":0,"35":0,"36":0,"37":0,"38":0,"39":0,"40":0,"41":0,"42":0,"43":0,"44":0,"45":0,"46":0,"47":0,"48":0,"49":0,"50":0,"51":0,"52":0,"53":0,"54":0,"55":0,"56":0,"57":0,"58":0,"59":0,"60":0,"61":0,"62":0,"63":0,"64":0,"65":0,"66":0,"67":0,"68":0,"69":0,"70":0,"71":0,"72":0,"73":0,"74":0,"75":0,"76":0,"77":0,"78":0,"79":0,"80":0,"81":0,"82":0},"f":{"0":0,"1":0,"2":0,"3":0,"4":0,"5":0,"6":0},"b":{"0":[0,0],"1":[0,0],"2":[0,0],"3":[0,0],"4":[0,0],"5":[0,0],"6":[0,0],"7":[0,0],"8":[0,0],"9":[0,0],"10":[0,0],"11":[0,0],"12":[0,0],"13":[0,0],"14":[0,0],"15":[0,0],"16":[0,0,0]}}
}
