TN:
SF:middleware\auth.js
FN:5,authenticateToken
FN:13,(anonymous_1)
FN:22,allowRoles
FN:23,(anonymous_3)
FNF:4
FNH:2
FNDA:4,authenticateToken
FNDA:2,(anonymous_1)
FNDA:0,allowRoles
FNDA:0,(anonymous_3)
DA:1,1
DA:3,1
DA:6,4
DA:7,4
DA:9,4
DA:10,2
DA:13,2
DA:14,2
DA:15,1
DA:17,1
DA:18,1
DA:23,0
DA:24,0
DA:25,0
DA:27,0
DA:28,0
DA:30,0
DA:34,1
LF:18
LH:12
BRDA:3,0,0,1
BRDA:3,0,1,1
BRDA:7,1,0,4
BRDA:7,1,1,3
BRDA:9,2,0,2
BRDA:9,2,1,2
BRDA:14,3,0,1
BRDA:14,3,1,1
BRDA:24,4,0,0
BRDA:24,4,1,0
BRDA:27,5,0,0
BRDA:27,5,1,0
BRF:12
BRH:8
end_of_record
TN:
SF:middleware\roleCheck.js
FN:1,allowRoles
FN:2,(anonymous_1)
FNF:2
FNH:2
FNDA:3,allowRoles
FNDA:3,(anonymous_1)
DA:2,3
DA:3,3
DA:4,2
DA:5,1
DA:7,1
DA:11,1
LF:6
LH:6
BRDA:3,0,0,1
BRDA:3,0,1,2
BRDA:4,1,0,1
BRDA:4,1,1,1
BRF:4
BRH:4
end_of_record
TN:
SF:routes\auth.js
FN:11,(anonymous_0)
FN:90,(anonymous_1)
FN:155,(anonymous_2)
FNF:3
FNH:0
FNDA:0,(anonymous_0)
FNDA:0,(anonymous_1)
FNDA:0,(anonymous_2)
DA:1,0
DA:2,0
DA:3,0
DA:4,0
DA:5,0
DA:6,0
DA:8,0
DA:11,0
DA:12,0
DA:13,0
DA:14,0
DA:17,0
DA:18,0
DA:20,0
DA:21,0
DA:22,0
DA:23,0
DA:24,0
DA:25,0
DA:33,0
DA:34,0
DA:38,0
DA:47,0
DA:48,0
DA:51,0
DA:53,0
DA:69,0
DA:72,0
DA:73,0
DA:78,0
DA:84,0
DA:85,0
DA:90,0
DA:91,0
DA:92,0
DA:93,0
DA:95,0
DA:96,0
DA:99,0
DA:103,0
DA:104,0
DA:105,0
DA:108,0
DA:109,0
DA:110,0
DA:113,0
DA:114,0
DA:115,0
DA:116,0
DA:119,0
DA:129,0
DA:130,0
DA:140,0
DA:141,0
DA:150,0
DA:156,0
DA:157,0
DA:160,0
DA:161,0
DA:166,0
DA:173,0
DA:174,0
DA:176,0
DA:178,0
DA:184,0
LF:65
LH:0
BRDA:14,0,0,0
BRDA:20,1,0,0
BRDA:20,1,1,0
BRDA:24,2,0,0
BRDA:24,2,1,0
BRDA:33,3,0,0
BRDA:33,3,1,0
BRDA:33,4,0,0
BRDA:33,4,1,0
BRDA:33,4,2,0
BRDA:47,5,0,0
BRDA:47,5,1,0
BRDA:58,6,0,0
BRDA:58,6,1,0
BRDA:72,7,0,0
BRDA:72,7,1,0
BRDA:95,8,0,0
BRDA:95,8,1,0
BRDA:95,9,0,0
BRDA:95,9,1,0
BRDA:103,10,0,0
BRDA:103,10,1,0
BRDA:108,11,0,0
BRDA:108,11,1,0
BRDA:114,12,0,0
BRDA:114,12,1,0
BRDA:173,13,0,0
BRDA:173,13,1,0
BRF:28
BRH:0
end_of_record
TN:
SF:routes\places.js
FN:8,(anonymous_0)
FN:25,(anonymous_1)
FN:42,(anonymous_2)
FNF:3
FNH:0
FNDA:0,(anonymous_0)
FNDA:0,(anonymous_1)
FNDA:0,(anonymous_2)
DA:1,0
DA:2,0
DA:3,0
DA:5,0
DA:8,0
DA:9,0
DA:10,0
DA:12,0
DA:13,0
DA:16,0
DA:17,0
DA:19,0
DA:20,0
DA:25,0
DA:26,0
DA:27,0
DA:29,0
DA:30,0
DA:33,0
DA:34,0
DA:36,0
DA:37,0
DA:42,0
DA:43,0
DA:44,0
DA:45,0
DA:46,0
DA:48,0
DA:49,0
DA:53,0
LF:30
LH:0
BRDA:10,0,0,0
BRDA:12,1,0,0
BRDA:12,1,1,0
BRDA:12,2,0,0
BRDA:12,2,1,0
BRDA:29,3,0,0
BRDA:29,3,1,0
BRDA:45,4,0,0
BRDA:45,4,1,0
BRF:9
BRH:0
end_of_record
TN:
SF:routes\stats.js
FN:9,(anonymous_0)
FN:109,(anonymous_1)
FN:193,(anonymous_2)
FNF:3
FNH:0
FNDA:0,(anonymous_0)
FNDA:0,(anonymous_1)
FNDA:0,(anonymous_2)
DA:1,0
DA:2,0
DA:3,0
DA:4,0
DA:6,0
DA:9,0
DA:10,0
DA:11,0
DA:14,0
DA:19,0
DA:28,0
DA:31,0
DA:36,0
DA:49,0
DA:55,0
DA:56,0
DA:58,0
DA:68,0
DA:81,0
DA:93,0
DA:103,0
DA:104,0
DA:109,0
DA:110,0
DA:111,0
DA:114,0
DA:115,0
DA:116,0
DA:118,0
DA:121,0
DA:129,0
DA:144,0
DA:155,0
DA:156,0
DA:158,0
DA:166,0
DA:174,0
DA:183,0
DA:192,0
DA:193,0
DA:198,0
DA:217,0
DA:218,0
DA:222,0
LF:44
LH:0
BRDA:31,0,0,0
BRDA:31,0,1,0
BRDA:49,1,0,0
BRDA:49,1,1,0
BRDA:49,2,0,0
BRDA:49,2,1,0
BRDA:49,2,2,0
BRDA:99,3,0,0
BRDA:99,3,1,0
BRDA:193,4,0,0
BRDA:193,4,1,0
BRDA:194,5,0,0
BRDA:194,5,1,0
BRDA:203,6,0,0
BRDA:203,6,1,0
BRDA:204,7,0,0
BRDA:204,7,1,0
BRDA:205,8,0,0
BRDA:205,8,1,0
BRF:19
BRH:0
end_of_record
TN:
SF:routes\trips.js
FN:11,(anonymous_0)
FN:41,(anonymous_1)
FN:61,(anonymous_2)
FN:64,(anonymous_3)
FN:77,(anonymous_4)
FN:123,(anonymous_5)
FN:194,(anonymous_6)
FN:208,(anonymous_7)
FN:250,(anonymous_8)
FN:299,(anonymous_9)
FN:312,(anonymous_10)
FN:314,(anonymous_11)
FN:335,(anonymous_12)
FN:336,(anonymous_13)
FN:353,(anonymous_14)
FN:354,(anonymous_15)
FN:368,(anonymous_16)
FN:466,(anonymous_17)
FN:494,(anonymous_18)
FN:511,(anonymous_19)
FN:528,(anonymous_20)
FN:538,(anonymous_21)
FN:551,(anonymous_22)
FN:615,(anonymous_23)
FN:629,(anonymous_24)
FN:669,(anonymous_25)
FN:691,(anonymous_26)
FN:740,(anonymous_27)
FN:758,(anonymous_28)
FN:774,decodePolyline
FNF:30
FNH:0
FNDA:0,(anonymous_0)
FNDA:0,(anonymous_1)
FNDA:0,(anonymous_2)
FNDA:0,(anonymous_3)
FNDA:0,(anonymous_4)
FNDA:0,(anonymous_5)
FNDA:0,(anonymous_6)
FNDA:0,(anonymous_7)
FNDA:0,(anonymous_8)
FNDA:0,(anonymous_9)
FNDA:0,(anonymous_10)
FNDA:0,(anonymous_11)
FNDA:0,(anonymous_12)
FNDA:0,(anonymous_13)
FNDA:0,(anonymous_14)
FNDA:0,(anonymous_15)
FNDA:0,(anonymous_16)
FNDA:0,(anonymous_17)
FNDA:0,(anonymous_18)
FNDA:0,(anonymous_19)
FNDA:0,(anonymous_20)
FNDA:0,(anonymous_21)
FNDA:0,(anonymous_22)
FNDA:0,(anonymous_23)
FNDA:0,(anonymous_24)
FNDA:0,(anonymous_25)
FNDA:0,(anonymous_26)
FNDA:0,(anonymous_27)
FNDA:0,(anonymous_28)
FNDA:0,decodePolyline
DA:1,0
DA:2,0
DA:3,0
DA:4,0
DA:5,0
DA:6,0
DA:8,0
DA:11,0
DA:12,0
DA:14,0
DA:15,0
DA:28,0
DA:33,0
DA:35,0
DA:36,0
DA:41,0
DA:42,0
DA:43,0
DA:44,0
DA:46,0
DA:47,0
DA:49,0
DA:61,0
DA:62,0
DA:63,0
DA:64,0
DA:70,0
DA:72,0
DA:77,0
DA:78,0
DA:79,0
DA:80,0
DA:82,0
DA:83,0
DA:84,0
DA:86,0
DA:91,0
DA:92,0
DA:93,0
DA:94,0
DA:96,0
DA:97,0
DA:98,0
DA:99,0
DA:100,0
DA:103,0
DA:107,0
DA:108,0
DA:116,0
DA:118,0
DA:123,0
DA:124,0
DA:125,0
DA:127,0
DA:128,0
DA:130,0
DA:131,0
DA:134,0
DA:135,0
DA:136,0
DA:137,0
DA:139,0
DA:140,0
DA:143,0
DA:144,0
DA:147,0
DA:161,0
DA:162,0
DA:163,0
DA:175,0
DA:184,0
DA:185,0
DA:188,0
DA:189,0
DA:194,0
DA:195,0
DA:196,0
DA:200,0
DA:202,0
DA:203,0
DA:208,0
DA:209,0
DA:210,0
DA:211,0
DA:214,0
DA:215,0
DA:228,0
DA:236,0
DA:237,0
DA:238,0
DA:241,0
DA:242,0
DA:244,0
DA:245,0
DA:250,0
DA:251,0
DA:252,0
DA:253,0
DA:256,0
DA:257,0
DA:272,0
DA:285,0
DA:286,0
DA:287,0
DA:290,0
DA:291,0
DA:293,0
DA:294,0
DA:299,0
DA:300,0
DA:301,0
DA:303,0
DA:308,0
DA:309,0
DA:312,0
DA:313,0
DA:314,0
DA:316,0
DA:317,0
DA:318,0
DA:319,0
DA:320,0
DA:324,0
DA:325,0
DA:327,0
DA:328,0
DA:329,0
DA:332,0
DA:333,0
DA:335,0
DA:336,0
DA:344,0
DA:345,0
DA:351,0
DA:353,0
DA:354,0
DA:362,0
DA:363,0
DA:368,0
DA:369,0
DA:370,0
DA:371,0
DA:373,0
DA:378,0
DA:379,0
DA:382,0
DA:383,0
DA:386,0
DA:387,0
DA:388,0
DA:389,0
DA:391,0
DA:392,0
DA:395,0
DA:396,0
DA:400,0
DA:415,0
DA:416,0
DA:417,0
DA:430,0
DA:440,0
DA:441,0
DA:442,0
DA:443,0
DA:444,0
DA:445,0
DA:454,0
DA:460,0
DA:461,0
DA:466,0
DA:467,0
DA:468,0
DA:470,0
DA:474,0
DA:475,0
DA:478,0
DA:479,0
DA:482,0
DA:486,0
DA:488,0
DA:489,0
DA:494,0
DA:495,0
DA:496,0
DA:497,0
DA:502,0
DA:503,0
DA:511,0
DA:512,0
DA:514,0
DA:518,0
DA:519,0
DA:520,0
DA:522,0
DA:528,0
DA:529,0
DA:532,0
DA:533,0
DA:538,0
DA:539,0
DA:540,0
DA:544,0
DA:546,0
DA:551,0
DA:552,0
DA:553,0
DA:554,0
DA:556,0
DA:558,0
DA:559,0
DA:560,0
DA:561,0
DA:562,0
DA:563,0
DA:564,0
DA:566,0
DA:567,0
DA:569,0
DA:573,0
DA:574,0
DA:577,0
DA:578,0
DA:580,0
DA:581,0
DA:585,0
DA:586,0
DA:589,0
DA:590,0
DA:594,0
DA:606,0
DA:607,0
DA:609,0
DA:610,0
DA:615,0
DA:616,0
DA:617,0
DA:620,0
DA:622,0
DA:629,0
DA:630,0
DA:631,0
DA:632,0
DA:634,0
DA:636,0
DA:637,0
DA:638,0
DA:640,0
DA:644,0
DA:645,0
DA:646,0
DA:647,0
DA:649,0
DA:657,0
DA:660,0
DA:661,0
DA:663,0
DA:664,0
DA:669,0
DA:670,0
DA:671,0
DA:673,0
DA:683,0
DA:685,0
DA:686,0
DA:691,0
DA:692,0
DA:693,0
DA:694,0
DA:695,0
DA:697,0
DA:699,0
DA:700,0
DA:703,0
DA:708,0
DA:709,0
DA:710,0
DA:712,0
DA:713,0
DA:714,0
DA:715,0
DA:716,0
DA:719,0
DA:731,0
DA:732,0
DA:734,0
DA:735,0
DA:740,0
DA:741,0
DA:742,0
DA:743,0
DA:745,0
DA:750,0
DA:752,0
DA:753,0
DA:758,0
DA:759,0
DA:760,0
DA:762,0
DA:767,0
DA:769,0
DA:770,0
DA:775,0
DA:776,0
DA:777,0
DA:779,0
DA:780,0
DA:781,0
DA:782,0
DA:783,0
DA:784,0
DA:786,0
DA:787,0
DA:789,0
DA:790,0
DA:791,0
DA:792,0
DA:793,0
DA:794,0
DA:796,0
DA:797,0
DA:799,0
DA:801,0
DA:804,0
LF:323
LH:0
BRDA:14,0,0,0
BRDA:14,0,1,0
BRDA:63,1,0,0
BRDA:63,1,1,0
BRDA:67,2,0,0
BRDA:67,2,1,0
BRDA:92,3,0,0
BRDA:92,3,1,0
BRDA:97,4,0,0
BRDA:97,4,1,0
BRDA:99,5,0,0
BRDA:99,5,1,0
BRDA:107,6,0,0
BRDA:107,6,1,0
BRDA:107,7,0,0
BRDA:107,7,1,0
BRDA:130,8,0,0
BRDA:130,8,1,0
BRDA:130,9,0,0
BRDA:130,9,1,0
BRDA:130,9,2,0
BRDA:139,10,0,0
BRDA:139,10,1,0
BRDA:143,11,0,0
BRDA:143,11,1,0
BRDA:161,12,0,0
BRDA:161,12,1,0
BRDA:214,13,0,0
BRDA:214,13,1,0
BRDA:236,14,0,0
BRDA:236,14,1,0
BRDA:256,15,0,0
BRDA:256,15,1,0
BRDA:285,16,0,0
BRDA:285,16,1,0
BRDA:290,17,0,0
BRDA:290,17,1,0
BRDA:308,18,0,0
BRDA:308,18,1,0
BRDA:318,19,0,0
BRDA:318,19,1,0
BRDA:328,20,0,0
BRDA:328,20,1,0
BRDA:332,21,0,0
BRDA:332,21,1,0
BRDA:332,22,0,0
BRDA:332,22,1,0
BRDA:378,23,0,0
BRDA:378,23,1,0
BRDA:382,24,0,0
BRDA:382,24,1,0
BRDA:382,25,0,0
BRDA:382,25,1,0
BRDA:391,26,0,0
BRDA:391,26,1,0
BRDA:395,27,0,0
BRDA:395,27,1,0
BRDA:415,28,0,0
BRDA:415,28,1,0
BRDA:442,29,0,0
BRDA:442,29,1,0
BRDA:444,30,0,0
BRDA:444,30,1,0
BRDA:444,31,0,0
BRDA:444,31,1,0
BRDA:448,32,0,0
BRDA:448,32,1,0
BRDA:457,33,0,0
BRDA:457,33,1,0
BRDA:474,34,0,0
BRDA:474,34,1,0
BRDA:478,35,0,0
BRDA:478,35,1,0
BRDA:478,36,0,0
BRDA:478,36,1,0
BRDA:502,37,0,0
BRDA:502,37,1,0
BRDA:518,38,0,0
BRDA:518,38,1,0
BRDA:518,39,0,0
BRDA:518,39,1,0
BRDA:518,39,2,0
BRDA:558,40,0,0
BRDA:558,40,1,0
BRDA:558,41,0,0
BRDA:558,41,1,0
BRDA:558,41,2,0
BRDA:560,42,0,0
BRDA:560,42,1,0
BRDA:563,43,0,0
BRDA:563,43,1,0
BRDA:563,44,0,0
BRDA:563,44,1,0
BRDA:573,45,0,0
BRDA:573,45,1,0
BRDA:573,46,0,0
BRDA:573,46,1,0
BRDA:577,47,0,0
BRDA:577,47,1,0
BRDA:578,48,0,0
BRDA:578,48,1,0
BRDA:580,49,0,0
BRDA:580,49,1,0
BRDA:580,50,0,0
BRDA:580,50,1,0
BRDA:585,51,0,0
BRDA:585,51,1,0
BRDA:589,52,0,0
BRDA:589,52,1,0
BRDA:598,53,0,0
BRDA:598,53,1,0
BRDA:601,54,0,0
BRDA:601,54,1,0
BRDA:602,55,0,0
BRDA:602,55,1,0
BRDA:699,56,0,0
BRDA:699,56,1,0
BRDA:713,57,0,0
BRDA:713,57,1,0
BRDA:716,58,0,0
BRDA:716,58,1,0
BRDA:727,59,0,0
BRDA:727,59,1,0
BRDA:786,60,0,0
BRDA:786,60,1,0
BRDA:796,61,0,0
BRDA:796,61,1,0
BRF:127
BRH:0
end_of_record
TN:
SF:routes\users.js
FN:9,(anonymous_0)
FN:25,(anonymous_1)
FN:42,(anonymous_2)
FN:88,(anonymous_3)
FN:105,(anonymous_4)
FN:180,(anonymous_5)
FNF:6
FNH:0
FNDA:0,(anonymous_0)
FNDA:0,(anonymous_1)
FNDA:0,(anonymous_2)
FNDA:0,(anonymous_3)
FNDA:0,(anonymous_4)
FNDA:0,(anonymous_5)
DA:1,0
DA:2,0
DA:3,0
DA:4,0
DA:6,0
DA:9,0
DA:10,0
DA:11,0
DA:25,0
DA:34,0
DA:36,0
DA:37,0
DA:42,0
DA:43,0
DA:44,0
DA:46,0
DA:47,0
DA:50,0
DA:77,0
DA:78,0
DA:81,0
DA:88,0
DA:97,0
DA:99,0
DA:100,0
DA:105,0
DA:106,0
DA:107,0
DA:108,0
DA:111,0
DA:112,0
DA:116,0
DA:117,0
DA:121,0
DA:122,0
DA:128,0
DA:129,0
DA:134,0
DA:135,0
DA:141,0
DA:142,0
DA:147,0
DA:148,0
DA:149,0
DA:150,0
DA:152,0
DA:164,0
DA:165,0
DA:166,0
DA:167,0
DA:169,0
DA:174,0
DA:175,0
DA:180,0
DA:181,0
DA:182,0
DA:184,0
DA:185,0
DA:188,0
DA:192,0
DA:194,0
DA:195,0
DA:196,0
DA:198,0
DA:205,0
LF:65
LH:0
BRDA:46,0,0,0
BRDA:46,0,1,0
BRDA:46,1,0,0
BRDA:46,1,1,0
BRDA:77,2,0,0
BRDA:77,2,1,0
BRDA:111,3,0,0
BRDA:111,3,1,0
BRDA:116,4,0,0
BRDA:116,4,1,0
BRDA:116,5,0,0
BRDA:116,5,1,0
BRDA:116,5,2,0
BRDA:121,6,0,0
BRDA:121,6,1,0
BRDA:128,7,0,0
BRDA:128,7,1,0
BRDA:134,8,0,0
BRDA:134,8,1,0
BRDA:141,9,0,0
BRDA:141,9,1,0
BRDA:148,10,0,0
BRDA:148,10,1,0
BRDA:149,11,0,0
BRDA:149,11,1,0
BRDA:150,12,0,0
BRDA:150,12,1,0
BRDA:165,13,0,0
BRDA:165,13,1,0
BRDA:166,14,0,0
BRDA:166,14,1,0
BRDA:167,15,0,0
BRDA:167,15,1,0
BRDA:184,16,0,0
BRDA:184,16,1,0
BRDA:195,17,0,0
BRDA:195,17,1,0
BRF:37
BRH:0
end_of_record
TN:
SF:services\geocoding.js
FN:3,geocodeAddress
FN:65,reverseGeocode
FNF:2
FNH:1
FNDA:3,geocodeAddress
FNDA:0,reverseGeocode
DA:1,1
DA:4,3
DA:5,3
DA:7,3
DA:21,2
DA:22,1
DA:25,1
DA:26,1
DA:27,1
DA:28,1
DA:29,1
DA:30,1
DA:31,1
DA:33,1
DA:34,1
DA:38,1
DA:39,1
DA:40,1
DA:47,0
DA:50,1
DA:58,1
DA:60,1
DA:61,1
DA:66,0
DA:67,0
DA:81,0
DA:82,0
DA:83,0
DA:85,0
DA:86,0
DA:87,0
DA:90,0
DA:98,0
DA:99,0
DA:100,0
DA:101,0
DA:103,0
DA:104,0
DA:107,0
DA:113,0
DA:115,0
DA:116,0
DA:120,1
LF:43
LH:23
BRDA:21,0,0,1
BRDA:21,0,1,1
BRDA:21,1,0,2
BRDA:21,1,1,2
BRDA:26,2,0,1
BRDA:26,2,1,0
BRDA:28,3,0,0
BRDA:28,3,1,1
BRDA:29,4,0,0
BRDA:29,4,1,1
BRDA:30,5,0,1
BRDA:30,5,1,0
BRDA:30,6,0,1
BRDA:30,6,1,0
BRDA:30,6,2,0
BRDA:31,7,0,1
BRDA:31,7,1,0
BRDA:31,7,2,0
BRDA:33,8,0,1
BRDA:33,8,1,0
BRDA:39,9,0,1
BRDA:39,9,1,0
BRDA:40,10,0,1
BRDA:40,10,1,1
BRDA:40,10,2,1
BRDA:40,10,3,0
BRDA:40,10,4,0
BRDA:40,10,5,0
BRDA:54,11,0,1
BRDA:54,11,1,0
BRDA:81,12,0,0
BRDA:81,12,1,0
BRDA:85,13,0,0
BRDA:85,13,1,0
BRDA:90,14,0,0
BRDA:90,14,1,0
BRDA:90,14,2,0
BRDA:90,14,3,0
BRDA:90,14,4,0
BRDA:90,14,5,0
BRDA:98,15,0,0
BRDA:98,15,1,0
BRDA:99,16,0,0
BRDA:99,16,1,0
BRDA:100,17,0,0
BRDA:100,17,1,0
BRDA:100,18,0,0
BRDA:100,18,1,0
BRDA:100,18,2,0
BRDA:101,19,0,0
BRDA:101,19,1,0
BRDA:101,19,2,0
BRDA:103,20,0,0
BRDA:103,20,1,0
BRDA:108,21,0,0
BRDA:108,21,1,0
BRF:56
BRH:16
end_of_record
TN:
SF:services\mapsService.js
FN:19,checkCarAccess
FN:41,findNearestPort
FN:61,calculateDistance
FN:74,findOptimalRoute
FN:78,(anonymous_4)
FN:102,(anonymous_5)
FN:117,calculateTravelTimeWithTransfers
FNF:7
FNH:0
FNDA:0,checkCarAccess
FNDA:0,findNearestPort
FNDA:0,calculateDistance
FNDA:0,findOptimalRoute
FNDA:0,(anonymous_4)
FNDA:0,(anonymous_5)
FNDA:0,calculateTravelTimeWithTransfers
DA:1,0
DA:3,0
DA:6,0
DA:20,0
DA:23,0
DA:33,0
DA:35,0
DA:36,0
DA:42,0
DA:43,0
DA:44,0
DA:46,0
DA:47,0
DA:49,0
DA:50,0
DA:51,0
DA:52,0
DA:53,0
DA:57,0
DA:62,0
DA:63,0
DA:64,0
DA:66,0
DA:69,0
DA:70,0
DA:75,0
DA:77,0
DA:78,0
DA:79,0
DA:80,0
DA:82,0
DA:92,0
DA:93,0
DA:94,0
DA:96,0
DA:102,0
DA:109,0
DA:111,0
DA:112,0
DA:118,0
DA:119,0
DA:121,0
DA:122,0
DA:123,0
DA:125,0
DA:127,0
DA:129,0
DA:130,0
DA:131,0
DA:139,0
DA:143,0
DA:144,0
DA:145,0
DA:147,0
DA:157,0
DA:167,0
DA:171,0
DA:178,0
LF:58
LH:0
BRDA:41,0,0,0
BRDA:43,1,0,0
BRDA:43,1,1,0
BRDA:43,2,0,0
BRDA:43,2,1,0
BRDA:44,3,0,0
BRDA:44,3,1,0
BRDA:44,4,0,0
BRDA:44,4,1,0
BRDA:51,5,0,0
BRDA:51,5,1,0
BRDA:74,6,0,0
BRDA:75,7,0,0
BRDA:75,7,1,0
BRDA:75,8,0,0
BRDA:75,8,1,0
BRDA:92,9,0,0
BRDA:92,9,1,0
BRDA:92,10,0,0
BRDA:92,10,1,0
BRDA:117,11,0,0
BRDA:127,12,0,0
BRDA:127,12,1,0
BRDA:130,13,0,0
BRDA:130,13,1,0
BRDA:151,14,0,0
BRDA:151,14,1,0
BRDA:152,15,0,0
BRDA:152,15,1,0
BRDA:161,16,0,0
BRDA:161,16,1,0
BRDA:162,17,0,0
BRDA:162,17,1,0
BRDA:167,18,0,0
BRDA:167,18,1,0
BRDA:167,19,0,0
BRDA:167,19,1,0
BRF:37
BRH:0
end_of_record
TN:
SF:services\placesService.js
FN:3,getPlacesNearby
FN:80,extractPlaceInfo
FN:144,searchPlacesByCity
FN:164,(anonymous_3)
FN:176,getPopularPlaces
FNF:5
FNH:0
FNDA:0,getPlacesNearby
FNDA:0,extractPlaceInfo
FNDA:0,searchPlacesByCity
FNDA:0,(anonymous_3)
FNDA:0,getPopularPlaces
DA:1,0
DA:4,0
DA:5,0
DA:6,0
DA:7,0
DA:8,0
DA:9,0
DA:27,0
DA:37,0
DA:38,0
DA:39,0
DA:40,0
DA:41,0
DA:43,0
DA:44,0
DA:45,0
DA:47,0
DA:48,0
DA:49,0
DA:50,0
DA:63,0
DA:64,0
DA:65,0
DA:66,0
DA:67,0
DA:68,0
DA:69,0
DA:73,0
DA:75,0
DA:76,0
DA:81,0
DA:83,0
DA:84,0
DA:85,0
DA:95,0
DA:96,0
DA:97,0
DA:106,0
DA:107,0
DA:108,0
DA:109,0
DA:110,0
DA:111,0
DA:112,0
DA:116,0
DA:117,0
DA:118,0
DA:121,0
DA:122,0
DA:123,0
DA:124,0
DA:126,0
DA:127,0
DA:130,0
DA:131,0
DA:134,0
DA:135,0
DA:136,0
DA:139,0
DA:141,0
DA:145,0
DA:146,0
DA:157,0
DA:158,0
DA:159,0
DA:160,0
DA:161,0
DA:163,0
DA:164,0
DA:169,0
DA:171,0
DA:172,0
DA:177,0
DA:196,0
DA:197,0
DA:199,0
DA:202,0
LF:77
LH:0
BRDA:3,0,0,0
BRDA:38,1,0,0
BRDA:38,1,1,0
BRDA:38,2,0,0
BRDA:38,2,1,0
BRDA:43,3,0,0
BRDA:43,3,1,0
BRDA:43,4,0,0
BRDA:43,4,1,0
BRDA:47,5,0,0
BRDA:47,5,1,0
BRDA:47,6,0,0
BRDA:47,6,1,0
BRDA:49,7,0,0
BRDA:49,7,1,0
BRDA:49,8,0,0
BRDA:49,8,1,0
BRDA:67,9,0,0
BRDA:67,9,1,0
BRDA:81,10,0,0
BRDA:81,10,1,0
BRDA:84,11,0,0
BRDA:84,11,1,0
BRDA:95,12,0,0
BRDA:95,12,1,0
BRDA:96,13,0,0
BRDA:96,13,1,0
BRDA:106,14,0,0
BRDA:106,14,1,0
BRDA:107,15,0,0
BRDA:107,15,1,0
BRDA:109,16,0,0
BRDA:109,16,1,0
BRDA:111,17,0,0
BRDA:111,17,1,0
BRDA:116,18,0,0
BRDA:116,18,1,0
BRDA:116,18,2,0
BRDA:116,18,3,0
BRDA:117,19,0,0
BRDA:117,19,1,0
BRDA:117,20,0,0
BRDA:117,20,1,0
BRDA:118,21,0,0
BRDA:118,21,1,0
BRDA:118,22,0,0
BRDA:118,22,1,0
BRDA:122,23,0,0
BRDA:122,23,1,0
BRDA:123,24,0,0
BRDA:123,24,1,0
BRDA:124,25,0,0
BRDA:124,25,1,0
BRDA:126,26,0,0
BRDA:126,26,1,0
BRDA:126,27,0,0
BRDA:126,27,1,0
BRDA:130,28,0,0
BRDA:130,28,1,0
BRDA:135,29,0,0
BRDA:135,29,1,0
BRDA:135,30,0,0
BRDA:135,30,1,0
BRDA:139,31,0,0
BRDA:139,31,1,0
BRDA:139,31,2,0
BRDA:157,32,0,0
BRDA:157,32,1,0
BRDA:157,33,0,0
BRDA:157,33,1,0
BRDA:166,34,0,0
BRDA:166,34,1,0
BRDA:196,35,0,0
BRDA:196,35,1,0
BRDA:196,36,0,0
BRDA:196,36,1,0
BRF:76
BRH:0
end_of_record
TN:
SF:services\routeOptimizer.js
FN:3,optimizeRoute
FN:43,calculateDistance
FN:54,calculateTotalDistance
FN:68,isDifferentRoute
FNF:4
FNH:3
FNDA:2,optimizeRoute
FNDA:8,calculateDistance
FNDA:1,calculateTotalDistance
FNDA:0,isDifferentRoute
DA:4,2
DA:7,1
DA:8,1
DA:10,1
DA:12,1
DA:13,1
DA:15,1
DA:17,1
DA:18,2
DA:19,2
DA:24,2
DA:25,1
DA:29,1
DA:30,1
DA:31,1
DA:35,2
DA:36,2
DA:37,2
DA:40,1
DA:44,8
DA:45,8
DA:46,8
DA:47,8
DA:50,8
DA:51,8
DA:55,1
DA:57,1
DA:58,1
DA:59,2
DA:64,1
DA:69,0
DA:71,0
DA:72,0
DA:73,0
DA:76,0
DA:79,2
LF:36
LH:31
BRDA:4,0,0,1
BRDA:4,0,1,1
BRDA:4,1,0,2
BRDA:4,1,1,2
BRDA:10,2,0,0
BRDA:10,2,1,1
BRDA:29,3,0,1
BRDA:29,3,1,0
BRDA:55,4,0,0
BRDA:55,4,1,1
BRDA:55,5,0,1
BRDA:55,5,1,1
BRDA:69,6,0,0
BRDA:69,6,1,0
BRDA:72,7,0,0
BRDA:72,7,1,0
BRF:16
BRH:9
end_of_record
TN:
SF:services\routing.js
FN:3,getRoute
FN:44,(anonymous_1)
FN:60,checkFlightAvailability
FN:90,checkFerryAvailability
FN:119,getMultiModalRoute
FN:141,(anonymous_5)
FN:146,isNearWater
FN:174,getNearestAirports
FN:183,(anonymous_8)
FN:186,(anonymous_9)
FN:191,getModeName
FN:202,calculateDistance
FNF:12
FNH:0
FNDA:0,getRoute
FNDA:0,(anonymous_1)
FNDA:0,checkFlightAvailability
FNDA:0,checkFerryAvailability
FNDA:0,getMultiModalRoute
FNDA:0,(anonymous_5)
FNDA:0,isNearWater
FNDA:0,getNearestAirports
FNDA:0,(anonymous_8)
FNDA:0,(anonymous_9)
FNDA:0,getModeName
FNDA:0,calculateDistance
DA:1,0
DA:4,0
DA:5,0
DA:6,0
DA:8,0
DA:9,0
DA:11,0
DA:12,0
DA:14,0
DA:15,0
DA:17,0
DA:20,0
DA:21,0
DA:23,0
DA:32,0
DA:33,0
DA:34,0
DA:36,0
DA:44,0
DA:53,0
DA:55,0
DA:56,0
DA:61,0
DA:62,0
DA:63,0
DA:65,0
DA:67,0
DA:69,0
DA:70,0
DA:72,0
DA:83,0
DA:85,0
DA:86,0
DA:91,0
DA:92,0
DA:93,0
DA:95,0
DA:96,0
DA:98,0
DA:99,0
DA:101,0
DA:112,0
DA:114,0
DA:115,0
DA:120,0
DA:122,0
DA:124,0
DA:125,0
DA:126,0
DA:127,0
DA:131,0
DA:132,0
DA:133,0
DA:136,0
DA:137,0
DA:138,0
DA:141,0
DA:143,0
DA:147,0
DA:148,0
DA:160,0
DA:161,0
DA:162,0
DA:163,0
DA:164,0
DA:168,0
DA:170,0
DA:175,0
DA:183,0
DA:186,0
DA:188,0
DA:192,0
DA:199,0
DA:203,0
DA:204,0
DA:205,0
DA:206,0
DA:209,0
DA:210,0
DA:213,0
LF:80
LH:0
BRDA:3,0,0,0
BRDA:6,1,0,0
BRDA:6,1,1,0
BRDA:6,1,2,0
BRDA:6,1,3,0
BRDA:20,2,0,0
BRDA:20,2,1,0
BRDA:20,3,0,0
BRDA:20,3,1,0
BRDA:20,3,2,0
BRDA:32,4,0,0
BRDA:32,4,1,0
BRDA:32,5,0,0
BRDA:32,5,1,0
BRDA:32,5,2,0
BRDA:65,6,0,0
BRDA:65,6,1,0
BRDA:69,7,0,0
BRDA:69,7,1,0
BRDA:95,8,0,0
BRDA:95,8,1,0
BRDA:95,9,0,0
BRDA:95,9,1,0
BRDA:98,10,0,0
BRDA:98,10,1,0
BRDA:126,11,0,0
BRDA:126,11,1,0
BRDA:132,12,0,0
BRDA:132,12,1,0
BRDA:137,13,0,0
BRDA:137,13,1,0
BRDA:160,14,0,0
BRDA:160,14,1,0
BRDA:160,15,0,0
BRDA:160,15,1,0
BRDA:163,16,0,0
BRDA:163,16,1,0
BRDA:199,17,0,0
BRDA:199,17,1,0
BRF:39
BRH:0
end_of_record
TN:
SF:services\tripValidator.js
FN:15,(anonymous_0)
FN:26,(anonymous_1)
FN:49,(anonymous_2)
FN:172,(anonymous_3)
FN:182,(anonymous_4)
FN:211,(anonymous_5)
FN:214,(anonymous_6)
FNF:7
FNH:0
FNDA:0,(anonymous_0)
FNDA:0,(anonymous_1)
FNDA:0,(anonymous_2)
FNDA:0,(anonymous_3)
FNDA:0,(anonymous_4)
FNDA:0,(anonymous_5)
FNDA:0,(anonymous_6)
DA:1,0
DA:2,0
DA:4,0
DA:16,0
DA:17,0
DA:18,0
DA:19,0
DA:22,0
DA:23,0
DA:27,0
DA:28,0
DA:29,0
DA:34,0
DA:35,0
DA:36,0
DA:42,0
DA:44,0
DA:45,0
DA:50,0
DA:51,0
DA:56,0
DA:57,0
DA:58,0
DA:62,0
DA:64,0
DA:65,0
DA:66,0
DA:69,0
DA:70,0
DA:71,0
DA:72,0
DA:73,0
DA:74,0
DA:77,0
DA:79,0
DA:80,0
DA:81,0
DA:83,0
DA:84,0
DA:86,0
DA:87,0
DA:90,0
DA:91,0
DA:93,0
DA:94,0
DA:95,0
DA:96,0
DA:97,0
DA:98,0
DA:101,0
DA:104,0
DA:105,0
DA:107,0
DA:108,0
DA:111,0
DA:112,0
DA:113,0
DA:114,0
DA:115,0
DA:122,0
DA:123,0
DA:133,0
DA:134,0
DA:144,0
DA:145,0
DA:155,0
DA:159,0
DA:172,0
DA:182,0
DA:186,0
DA:198,0
DA:199,0
DA:200,0
DA:201,0
DA:202,0
DA:205,0
DA:211,0
DA:214,0
DA:218,0
DA:219,0
DA:224,0
LF:81
LH:0
BRDA:34,0,0,0
BRDA:34,0,1,0
BRDA:56,1,0,0
BRDA:56,1,1,0
BRDA:57,2,0,0
BRDA:57,2,1,0
BRDA:70,3,0,0
BRDA:70,3,1,0
BRDA:70,4,0,0
BRDA:70,4,1,0
BRDA:91,5,0,0
BRDA:91,5,1,0
BRDA:93,6,0,0
BRDA:93,6,1,0
BRDA:96,7,0,0
BRDA:96,7,1,0
BRDA:105,8,0,0
BRDA:105,8,1,0
BRDA:111,9,0,0
BRDA:111,9,1,0
BRDA:111,10,0,0
BRDA:111,10,1,0
BRDA:122,11,0,0
BRDA:122,11,1,0
BRDA:122,12,0,0
BRDA:122,12,1,0
BRDA:133,13,0,0
BRDA:133,13,1,0
BRDA:199,14,0,0
BRDA:199,14,1,0
BRDA:201,15,0,0
BRDA:201,15,1,0
BRDA:201,16,0,0
BRDA:201,16,1,0
BRDA:201,16,2,0
BRF:35
BRH:0
end_of_record
